t= 0.001 pos=[ 0.000  0.000  0.065] rpy=[ 0.000  0.000  0.000] L0=[ 0.260  0.260] phi1=[-2.878 -2.878] phi4=[ 1.136  1.136] u=[-10.76  15.68  15.73 -10.71 |  0.00  9.05]
t= 0.501 pos=[ 0.020  0.007  0.045] rpy=[-0.000  0.087  0.135] L0=[ 0.284  0.284] phi1=[ 2.638  2.638] phi4=[ 0.530  0.529] u=[-12.26  13.34  13.18 -12.50 | -1.05  2.08]
t= 1.001 pos=[ 0.022  0.008  0.045] rpy=[-0.000  0.087  0.149] L0=[ 0.284  0.284] phi1=[ 2.638  2.638] phi4=[ 0.530  0.529] u=[-12.27  13.34  13.18 -12.50 | -0.99  2.10]
t= 1.501 pos=[ 0.024  0.009  0.045] rpy=[-0.000  0.087  0.163] L0=[ 0.284  0.284] phi1=[ 2.637  2.639] phi4=[ 0.530  0.529] u=[-12.27  13.33  13.19 -12.50 | -0.93  2.12]
t= 2.001 pos=[ 0.026  0.010  0.045] rpy=[-0.000  0.087  0.177] L0=[ 0.284  0.284] phi1=[ 2.638  2.638] phi4=[ 0.530  0.529] u=[-12.27  13.34  13.17 -12.51 | -0.93  2.17]
t= 2.501 pos=[ 0.029  0.011  0.045] rpy=[-0.000  0.087  0.192] L0=[ 0.284  0.284] phi1=[ 2.638  2.638] phi4=[ 0.530  0.529] u=[-12.27  13.34  13.18 -12.51 | -0.87  2.20]
t= 3.001 pos=[ 0.031  0.013  0.045] rpy=[-0.000  0.087  0.207] L0=[ 0.284  0.284] phi1=[ 2.638  2.639] phi4=[ 0.530  0.529] u=[-12.26  13.34  13.17 -12.52 | -0.87  2.26]
t= 3.501 pos=[ 0.034  0.014  0.045] rpy=[-0.000  0.087  0.223] L0=[ 0.284  0.284] phi1=[ 2.638  2.638] phi4=[ 0.529  0.529] u=[-12.28  13.33  13.18 -12.51 | -0.79  2.27]
t= 4.001 pos=[ 0.037  0.016  0.045] rpy=[-0.000  0.087  0.239] L0=[ 0.284  0.284] phi1=[ 2.638  2.638] phi4=[ 0.529  0.529] u=[-12.28  13.34  13.17 -12.51 | -0.77  2.32]
t= 4.501 pos=[ 0.040  0.017  0.045] rpy=[-0.000  0.087  0.255] L0=[ 0.284  0.284] phi1=[ 2.638  2.639] phi4=[ 0.530  0.529] u=[-12.27  13.34  13.17 -12.52 | -0.75  2.38]
t= 5.001 pos=[ 0.044  0.019  0.045] rpy=[-0.000  0.087  0.272] L0=[ 0.284  0.284] phi1=[ 2.638  2.639] phi4=[ 0.529  0.528] u=[-12.28  13.33  13.17 -12.52 | -0.68  2.40]
t= 5.501 pos=[ 0.047  0.021  0.045] rpy=[-0.000  0.087  0.290] L0=[ 0.284  0.284] phi1=[ 2.638  2.638] phi4=[ 0.529  0.528] u=[-12.28  13.33  13.17 -12.52 | -0.64  2.45]
t= 6.001 pos=[ 0.051  0.023  0.045] rpy=[-0.000  0.088  0.308] L0=[ 0.284  0.284] phi1=[ 2.638  2.638] phi4=[ 0.529  0.528] u=[-12.28  13.34  13.16 -12.52 | -0.61  2.50]
t= 6.501 pos=[ 0.055  0.026  0.045] rpy=[-0.000  0.088  0.326] L0=[ 0.284  0.284] phi1=[ 2.638  2.638] phi4=[ 0.529  0.528] u=[-12.28  13.34  13.16 -12.53 | -0.57  2.55]
t= 7.001 pos=[ 0.059  0.028  0.045] rpy=[-0.000  0.088  0.345] L0=[ 0.284  0.284] phi1=[ 2.638  2.639] phi4=[ 0.529  0.528] u=[-12.29  13.33  13.18 -12.52 | -0.47  2.57]
t= 7.501 pos=[ 0.063  0.031  0.045] rpy=[-0.000  0.088  0.365] L0=[ 0.284  0.284] phi1=[ 2.638  2.639] phi4=[ 0.529  0.528] u=[-12.28  13.34  13.16 -12.53 | -0.49  2.66]
t= 8.001 pos=[ 0.068  0.034  0.045] rpy=[-0.000  0.088  0.385] L0=[ 0.284  0.284] phi1=[ 2.638  2.639] phi4=[ 0.529  0.528] u=[-12.29  13.33  13.17 -12.53 | -0.39  2.68]
t= 8.501 pos=[ 0.072  0.038  0.045] rpy=[-0.000  0.088  0.405] L0=[ 0.284  0.284] phi1=[ 2.638  2.639] phi4=[ 0.529  0.528] u=[-12.30  13.33  13.18 -12.52 | -0.31  2.71]
t= 9.001 pos=[ 0.077  0.041  0.045] rpy=[-0.000  0.088  0.427] L0=[ 0.284  0.284] phi1=[ 2.638  2.639] phi4=[ 0.528  0.528] u=[-12.29  13.33  13.16 -12.54 | -0.31  2.80]
t= 9.501 pos=[ 0.082  0.045  0.045] rpy=[-0.000  0.088  0.448] L0=[ 0.284  0.284] phi1=[ 2.639  2.638] phi4=[ 0.528  0.528] u=[-12.30  13.33  13.16 -12.54 | -0.24  2.84]
t=10.001 pos=[ 0.087  0.049  0.045] rpy=[-0.001  0.088  0.470] L0=[ 0.284  0.284] phi1=[ 2.638  2.638] phi4=[ 0.528  0.527] u=[-12.31  13.32  13.15 -12.55 | -0.19  2.89]
t=10.501 pos=[ 0.093  0.053  0.045] rpy=[-0.001  0.088  0.492] L0=[ 0.284  0.284] phi1=[ 2.638  2.638] phi4=[ 0.528  0.526] u=[-12.32  13.31  13.13 -12.57 | -0.13  2.92]
t=11.001 pos=[ 0.113  0.063  0.045] rpy=[-0.002  0.089  0.536] L0=[ 0.284  0.283] phi1=[ 2.638  2.639] phi4=[ 0.528  0.524] u=[-12.30  13.33  13.09 -12.62 |  0.04  2.94]
t=11.501 pos=[ 0.144  0.080  0.045] rpy=[-0.002  0.089  0.589] L0=[ 0.284  0.283] phi1=[ 2.637  2.637] phi4=[ 0.527  0.524] u=[-12.32  13.31  13.06 -12.67 |  0.23  2.99]
t=12.001 pos=[ 0.185  0.103  0.045] rpy=[-0.001  0.089  0.638] L0=[ 0.283  0.283] phi1=[ 2.639  2.638] phi4=[ 0.526  0.525] u=[-12.29  13.37  13.13 -12.63 |  0.30  3.40]
t=12.501 pos=[ 0.236  0.137  0.045] rpy=[-0.001  0.089  0.680] L0=[ 0.283  0.284] phi1=[ 2.637  2.633] phi4=[ 0.526  0.523] u=[-12.30  13.32  12.90 -12.75 |  0.17  3.41]
t=13.001 pos=[ 0.297  0.184  0.045] rpy=[-0.001  0.090  0.723] L0=[ 0.283  0.284] phi1=[ 2.638  2.631] phi4=[ 0.525  0.523] u=[-12.31  13.30  12.74 -12.77 |  0.45  2.93]
t=13.501 pos=[ 0.375  0.253  0.045] rpy=[-0.001  0.090  0.768] L0=[ 0.283  0.282] phi1=[ 2.641  2.640] phi4=[ 0.525  0.520] u=[-12.40  13.35  13.24 -12.59 |  1.26  3.48]
t=14.001 pos=[ 0.487  0.369  0.046] rpy=[-0.004  0.091  0.835] L0=[ 0.284  0.284] phi1=[ 2.636  2.627] phi4=[ 0.524  0.518] u=[-12.35  13.32  12.74 -13.00 |  1.10  3.22]
t=14.501 pos=[ 0.652  0.582  0.047] rpy=[-0.002  0.090  0.993] L0=[ 0.282  0.283] phi1=[ 2.640  2.637] phi4=[ 0.521  0.520] u=[-12.21  13.51  12.93 -12.86 |  1.67  4.55]
t=15.001 pos=[ 0.804  1.055  0.047] rpy=[-0.002  0.095  1.630] L0=[ 0.282  0.284] phi1=[ 2.633  2.619] phi4=[ 0.514  0.508] u=[-12.63  13.18  12.52 -13.14 |  3.15  6.50]
t=15.501 pos=[ 0.874  1.779  0.048] rpy=[-0.003  0.095  1.773] L0=[ 0.281  0.282] phi1=[ 2.642  2.638] phi4=[ 0.513  0.515] u=[-12.71  13.15  13.27 -12.58 |  2.70  6.55]
t=16.001 pos=[ 0.918  2.718  0.048] rpy=[-0.003  0.085  1.631] L0=[ 0.281  0.283] phi1=[ 2.651  2.648] phi4=[ 0.523  0.530] u=[-12.04  13.73  13.36 -12.43 |  2.14  7.80]
t=16.501 pos=[ 0.907  3.780  0.047] rpy=[-0.003  0.089  1.756] L0=[ 0.282  0.282] phi1=[ 2.642  2.660] phi4=[ 0.519  0.541] u=[-12.04  13.71  13.33 -12.54 |  0.72  7.48]
t=17.001 pos=[ 0.835  4.876  0.047] rpy=[ 0.002  0.090  1.659] L0=[ 0.279  0.282] phi1=[ 2.652  2.635] phi4=[ 0.512  0.514] u=[-12.12  13.53  12.27 -13.04 |  0.97  6.86]
t=17.501 pos=[ 0.694  5.989  0.048] rpy=[-0.007  0.086  1.870] L0=[ 0.282  0.284] phi1=[ 2.647  2.632] phi4=[ 0.523  0.526] u=[-12.54  13.21  13.46 -12.21 |  1.43  9.43]
t=18.001 pos=[ 0.466  7.113  0.048] rpy=[-0.013  0.083  1.536] L0=[ 0.284  0.281] phi1=[ 2.641  2.642] phi4=[ 0.530  0.512] u=[-12.60  13.09  13.60 -12.28 |  2.48  6.23]
t=18.501 pos=[ 0.480  8.203  0.050] rpy=[-0.019  0.097  1.903] L0=[ 0.283  0.283] phi1=[ 2.628  2.595] phi4=[ 0.512  0.483] u=[-13.38  12.21  12.34 -13.23 |  3.21  6.65]
t=19.001 pos=[ 0.430  9.421  0.049] rpy=[-0.026  0.091  1.449] L0=[ 0.286  0.282] phi1=[ 2.631  2.615] phi4=[ 0.537  0.494] u=[-12.53  12.91  12.41 -13.34 |  1.17  4.33]
t=19.501 pos=[ 0.592  10.627  0.051] rpy=[-0.012  0.092  1.835] L0=[ 0.279  0.284] phi1=[ 2.651  2.633] phi4=[ 0.510  0.524] u=[-12.54  13.38  13.19 -12.52 |  5.25  7.02]
t=20.001 pos=[ 0.562  11.744  0.050] rpy=[-0.002  0.102  2.182] L0=[ 0.283  0.282] phi1=[ 2.637  2.614] phi4=[ 0.525  0.494] u=[-12.23  13.53  11.93 -13.93 | -1.23  9.82]
t=20.501 pos=[ 0.490  12.666  0.052] rpy=[-0.043  0.039  0.602] L0=[ 0.291  0.273] phi1=[ 2.652  2.680] phi4=[ 0.590  0.499] u=[-10.30  14.80  13.13 -13.04 | -1.57  4.36]
t=21.001 pos=[ 1.050  13.071  0.048] rpy=[-0.012  0.092  0.536] L0=[ 0.284  0.281] phi1=[ 2.633  2.621] phi4=[ 0.524  0.492] u=[-11.92  13.68  11.67 -14.14 |  3.56 -1.89]
t=21.501 pos=[ 1.963  13.515  0.046] rpy=[ 0.001  0.081  0.452] L0=[ 0.284  0.284] phi1=[ 2.641  2.653] phi4=[ 0.533  0.543] u=[-10.98  14.57  12.46 -13.26 |  3.16 -1.12]
t=22.001 pos=[ 2.577  13.687  0.043] rpy=[-0.001  0.080 -1.178] L0=[ 0.288  0.286] phi1=[ 2.640  2.637] phi4=[ 0.559  0.545] u=[-11.61  13.73  13.32 -12.24 | -4.96 -1.60]
t=22.501 pos=[ 2.427  13.904  0.047] rpy=[-0.005  0.092 -0.488] L0=[ 0.287  0.279] phi1=[ 2.641  2.655] phi4=[ 0.552  0.510] u=[-12.49  12.92  13.89 -12.04 | -1.96  1.10]
t=23.001 pos=[ 2.369  13.971  0.045] rpy=[-0.000  0.087  0.070] L0=[ 0.284  0.284] phi1=[ 2.638  2.638] phi4=[ 0.531  0.530] u=[-12.25  13.35  13.19 -12.49 | -1.20  1.91]
t=23.501 pos=[ 2.370  13.971  0.045] rpy=[-0.000  0.087  0.083] L0=[ 0.284  0.284] phi1=[ 2.638  2.639] phi4=[ 0.530  0.529] u=[-12.26  13.34  13.19 -12.49 | -1.13  1.92]
t=24.001 pos=[ 2.372  13.972  0.045] rpy=[-0.000  0.087  0.095] L0=[ 0.284  0.284] phi1=[ 2.638  2.638] phi4=[ 0.530  0.529] u=[-12.27  13.34  13.18 -12.50 | -1.11  1.96]
t=24.501 pos=[ 2.373  13.973  0.045] rpy=[-0.000  0.087  0.108] L0=[ 0.284  0.284] phi1=[ 2.638  2.638] phi4=[ 0.530  0.529] u=[-12.26  13.34  13.18 -12.50 | -1.11  2.01]
t=25.001 pos=[ 2.374  13.973  0.045] rpy=[-0.000  0.087  0.122] L0=[ 0.284  0.284] phi1=[ 2.638  2.638] phi4=[ 0.530  0.529] u=[-12.26  13.34  13.17 -12.51 | -1.09  2.05]
t=25.501 pos=[ 2.376  13.974  0.045] rpy=[-0.000  0.087  0.135] L0=[ 0.284  0.284] phi1=[ 2.638  2.639] phi4=[ 0.530  0.529] u=[-12.27  13.33  13.19 -12.50 | -1.02  2.06]
t=26.001 pos=[ 2.378  13.975  0.045] rpy=[-0.000  0.087  0.149] L0=[ 0.284  0.284] phi1=[ 2.638  2.638] phi4=[ 0.530  0.529] u=[-12.26  13.34  13.18 -12.51 | -1.01  2.11]
t=26.501 pos=[ 2.380  13.976  0.045] rpy=[-0.000  0.087  0.163] L0=[ 0.284  0.284] phi1=[ 2.638  2.638] phi4=[ 0.530  0.529] u=[-12.27  13.34  13.18 -12.51 | -0.97  2.14]
t=27.001 pos=[ 2.382  13.977  0.045] rpy=[-0.000  0.087  0.177] L0=[ 0.284  0.284] phi1=[ 2.638  2.639] phi4=[ 0.530  0.529] u=[-12.27  13.34  13.17 -12.51 | -0.95  2.19]
t=27.501 pos=[ 2.385  13.979  0.045] rpy=[-0.000  0.087  0.192] L0=[ 0.284  0.284] phi1=[ 2.638  2.638] phi4=[ 0.530  0.529] u=[-12.27  13.34  13.17 -12.51 | -0.90  2.21]
t=28.001 pos=[ 2.387  13.980  0.045] rpy=[-0.000  0.087  0.207] L0=[ 0.284  0.284] phi1=[ 2.638  2.638] phi4=[ 0.530  0.529] u=[-12.27  13.34  13.17 -12.52 | -0.88  2.26]
t=28.501 pos=[ 2.390  13.982  0.045] rpy=[-0.000  0.087  0.222] L0=[ 0.284  0.284] phi1=[ 2.638  2.639] phi4=[ 0.530  0.529] u=[-12.27  13.34  13.18 -12.51 | -0.82  2.29]
t=29.001 pos=[ 2.393  13.983  0.045] rpy=[-0.000  0.087  0.238] L0=[ 0.284  0.284] phi1=[ 2.638  2.638] phi4=[ 0.529  0.529] u=[-12.28  13.34  13.17 -12.51 | -0.77  2.32]
t=29.501 pos=[ 2.396  13.985  0.045] rpy=[-0.000  0.087  0.255] L0=[ 0.284  0.284] phi1=[ 2.638  2.639] phi4=[ 0.529  0.529] u=[-12.27  13.34  13.17 -12.52 | -0.73  2.37]
t=30.001 pos=[ 2.400  13.987  0.045] rpy=[-0.001  0.087  0.272] L0=[ 0.284  0.284] phi1=[ 2.638  2.639] phi4=[ 0.530  0.528] u=[-12.28  13.33  13.19 -12.51 | -0.65  2.39]
t=30.501 pos=[ 2.403  13.989  0.045] rpy=[-0.000  0.087  0.289] L0=[ 0.284  0.284] phi1=[ 2.638  2.639] phi4=[ 0.529  0.528] u=[-12.28  13.33  13.17 -12.52 | -0.63  2.44]
t=31.001 pos=[ 2.407  13.991  0.045] rpy=[-0.000  0.087  0.307] L0=[ 0.284  0.284] phi1=[ 2.638  2.638] phi4=[ 0.529  0.528] u=[-12.29  13.33  13.18 -12.51 | -0.56  2.47]
t=31.501 pos=[ 2.411  13.993  0.045] rpy=[-0.000  0.088  0.326] L0=[ 0.284  0.284] phi1=[ 2.638  2.638] phi4=[ 0.529  0.528] u=[-12.28  13.34  13.16 -12.53 | -0.57  2.55]
t=32.001 pos=[ 2.415  13.996  0.045] rpy=[-0.000  0.088  0.345] L0=[ 0.284  0.284] phi1=[ 2.638  2.638] phi4=[ 0.529  0.528] u=[-12.29  13.33  13.17 -12.52 | -0.48  2.57]
t=32.501 pos=[ 2.419  13.999  0.045] rpy=[-0.000  0.088  0.364] L0=[ 0.284  0.284] phi1=[ 2.638  2.639] phi4=[ 0.529  0.528] u=[-12.29  13.33  13.18 -12.52 | -0.42  2.62]
t=33.001 pos=[ 2.424  14.002  0.045] rpy=[-0.001  0.088  0.384] L0=[ 0.284  0.284] phi1=[ 2.638  2.639] phi4=[ 0.529  0.528] u=[-12.29  13.33  13.17 -12.53 | -0.40  2.68]
t=33.501 pos=[ 2.428  14.005  0.045] rpy=[-0.000  0.088  0.405] L0=[ 0.284  0.284] phi1=[ 2.638  2.639] phi4=[ 0.529  0.528] u=[-12.28  13.34  13.16 -12.54 | -0.38  2.75]
t=34.001 pos=[ 2.433  14.009  0.045] rpy=[-0.000  0.088  0.426] L0=[ 0.284  0.284] phi1=[ 2.638  2.639] phi4=[ 0.528  0.528] u=[-12.29  13.34  13.15 -12.54 | -0.34  2.81]
t=34.501 pos=[ 2.438  14.012  0.045] rpy=[-0.000  0.088  0.448] L0=[ 0.284  0.284] phi1=[ 2.638  2.639] phi4=[ 0.528  0.528] u=[-12.30  13.33  13.16 -12.54 | -0.25  2.84]
t=35.001 pos=[ 2.443  14.016  0.045] rpy=[-0.000  0.088  0.470] L0=[ 0.284  0.284] phi1=[ 2.638  2.638] phi4=[ 0.528  0.527] u=[-12.31  13.32  13.15 -12.55 | -0.20  2.89]
t=35.501 pos=[ 2.450  14.020  0.045] rpy=[-0.001  0.088  0.492] L0=[ 0.284  0.283] phi1=[ 2.638  2.638] phi4=[ 0.529  0.525] u=[-12.30  13.32  13.10 -12.61 | -0.22  2.96]
t=36.001 pos=[ 2.470  14.031  0.045] rpy=[-0.002  0.089  0.538] L0=[ 0.284  0.283] phi1=[ 2.638  2.640] phi4=[ 0.528  0.524] u=[-12.29  13.33  13.10 -12.63 |  0.06  2.89]
t=36.501 pos=[ 2.501  14.047  0.045] rpy=[-0.001  0.089  0.590] L0=[ 0.283  0.283] phi1=[ 2.638  2.640] phi4=[ 0.527  0.524] u=[-12.28  13.36  13.09 -12.64 |  0.12  3.17]
t=37.001 pos=[ 2.542  14.071  0.045] rpy=[-0.001  0.090  0.638] L0=[ 0.284  0.284] phi1=[ 2.637  2.635] phi4=[ 0.526  0.524] u=[-12.29  13.31  12.87 -12.74 |  0.06  3.09]
t=37.501 pos=[ 2.593  14.106  0.045] rpy=[-0.001  0.090  0.680] L0=[ 0.283  0.283] phi1=[ 2.639  2.636] phi4=[ 0.526  0.524] u=[-12.22  13.39  12.80 -12.77 |  0.23  2.95]
t=38.001 pos=[ 2.652  14.150  0.045] rpy=[-0.002  0.090  0.724] L0=[ 0.284  0.284] phi1=[ 2.637  2.630] phi4=[ 0.526  0.522] u=[-12.39  13.27  12.95 -12.76 |  0.69  3.24]
t=38.501 pos=[ 2.727  14.217  0.045] rpy=[-0.001  0.090  0.769] L0=[ 0.283  0.283] phi1=[ 2.640  2.635] phi4=[ 0.525  0.522] u=[-12.18  13.42  12.46 -12.90 |  0.41  2.40]
t=39.001 pos=[ 2.835  14.328  0.046] rpy=[-0.002  0.091  0.836] L0=[ 0.283  0.284] phi1=[ 2.637  2.629] phi4=[ 0.523  0.523] u=[-12.18  13.41  12.35 -12.99 |  0.40  3.03]
t=39.501 pos=[ 3.000  14.545  0.046] rpy=[-0.001  0.092  1.002] L0=[ 0.282  0.282] phi1=[ 2.639  2.637] phi4=[ 0.518  0.518] u=[-12.29  13.45  12.96 -12.85 |  1.87  4.56]
t=40.001 pos=[ 3.163  15.029  0.047] rpy=[-0.002  0.089  1.623] L0=[ 0.282  0.283] phi1=[ 2.641  2.632] phi4=[ 0.521  0.520] u=[-12.09  13.53  12.23 -13.38 |  1.96  4.78]
t=40.501 pos=[ 3.234  15.719  0.047] rpy=[-0.003  0.087  1.717] L0=[ 0.282  0.283] phi1=[ 2.644  2.622] phi4=[ 0.522  0.509] u=[-12.47  13.25  12.82 -12.86 |  2.70  6.53]
t=41.001 pos=[ 3.214  16.608  0.047] rpy=[ 0.002  0.086  1.771] L0=[ 0.280  0.282] phi1=[ 2.655  2.644] phi4=[ 0.517  0.523] u=[-12.61  13.31  13.44 -12.42 |  3.15  6.01]
t=41.501 pos=[ 3.032  17.606  0.047] rpy=[-0.000  0.095  1.834] L0=[ 0.280  0.283] phi1=[ 2.646  2.653] phi4=[ 0.514  0.538] u=[-12.61  13.25  13.89 -11.94 |  2.07  8.61]
t=42.001 pos=[ 2.784  18.638  0.047] rpy=[ 0.000  0.085  1.706] L0=[ 0.281  0.281] phi1=[ 2.654  2.647] phi4=[ 0.523  0.519] u=[-12.63  13.22  13.80 -12.07 |  2.09  7.53]
t=42.501 pos=[ 2.649  19.688  0.048] rpy=[-0.005  0.084  1.766] L0=[ 0.282  0.283] phi1=[ 2.648  2.632] phi4=[ 0.527  0.520] u=[-12.03  13.70  12.98 -12.72 |  0.86  9.47]
t=43.001 pos=[ 2.477  20.721  0.050] rpy=[-0.015  0.089  1.735] L0=[ 0.282  0.283] phi1=[ 2.645  2.629] phi4=[ 0.520  0.516] u=[-12.83  12.93  13.49 -12.22 |  2.88  7.39]
t=43.501 pos=[ 2.278  21.842  0.048] rpy=[-0.007  0.093  1.754] L0=[ 0.282  0.284] phi1=[ 2.646  2.619] phi4=[ 0.525  0.514] u=[-12.90  12.83  13.38 -12.26 |  2.36  7.62]
t=44.001 pos=[ 2.029  23.063  0.048] rpy=[-0.006  0.096  1.851] L0=[ 0.283  0.285] phi1=[ 2.635  2.580] phi4=[ 0.516  0.481] u=[-13.43  12.30  12.11 -13.38 |  2.08  6.81]
t=44.501 pos=[ 1.593  24.367  0.049] rpy=[-0.012  0.089  1.911] L0=[ 0.281  0.284] phi1=[ 2.645  2.650] phi4=[ 0.518  0.540] u=[-12.96  12.83  14.17 -11.62 |  1.72  8.39]
t=45.001 pos=[ 1.312  25.679  0.047] rpy=[-0.013  0.091  1.420] L0=[ 0.286  0.278] phi1=[ 2.625  2.665] phi4=[ 0.532  0.514] u=[-12.62  13.15  14.07 -12.05 |  3.68  5.37]
t=45.501 pos=[ 1.479  27.019  0.049] rpy=[-0.003  0.078  1.949] L0=[ 0.284  0.286] phi1=[ 2.645  2.641] phi4=[ 0.534  0.546] u=[-11.54  14.10  12.98 -12.63 |  4.13  7.71]
t=46.001 pos=[ 1.402  28.165  0.048] rpy=[ 0.000  0.092  2.307] L0=[ 0.285  0.287] phi1=[ 2.646  2.620] phi4=[ 0.547  0.529] u=[-11.26  14.33  12.23 -13.38 | -2.26  13.11]
t=46.501 pos=[ 1.166  29.058  0.059] rpy=[-0.076  0.013  0.905] L0=[ 0.293  0.273] phi1=[ 2.666  2.644] phi4=[ 0.620  0.460] u=[-10.85  14.19  13.25 -12.89 |  1.10  2.56]
t=47.001 pos=[ 1.637  29.532  0.048] rpy=[-0.012  0.079  0.642] L0=[ 0.286  0.284] phi1=[ 2.633  2.623] phi4=[ 0.536  0.511] u=[-11.02  14.49  11.45 -14.20 | -0.31  3.73]
t=47.501 pos=[ 2.373  30.005  0.047] rpy=[-0.008  0.094  0.517] L0=[ 0.284  0.279] phi1=[ 2.632  2.655] phi4=[ 0.524  0.512] u=[-11.28  14.44  12.24 -13.80 |  2.63  0.76]
t=48.001 pos=[ 3.369  30.436  0.047] rpy=[-0.006  0.089 -0.229] L0=[ 0.283  0.283] phi1=[ 2.642  2.669] phi4=[ 0.526  0.552] u=[-11.11  14.66  13.00 -12.89 |  0.60 -3.17]
t=48.501 pos=[ 3.519  30.641  0.044] rpy=[-0.005  0.079 -1.218] L0=[ 0.290  0.282] phi1=[ 2.638  2.655] phi4=[ 0.567  0.535] u=[-11.84  13.37  14.03 -11.74 | -3.82 -0.24]
t=49.001 pos=[ 3.313  30.961  0.046] rpy=[-0.004  0.086  0.068] L0=[ 0.285  0.280] phi1=[ 2.634  2.653] phi4=[ 0.530  0.521] u=[-12.20  13.37  13.27 -12.60 | -1.17  2.86]
t=49.501 pos=[ 3.332  30.979  0.045] rpy=[-0.000  0.087  0.248] L0=[ 0.284  0.284] phi1=[ 2.638  2.639] phi4=[ 0.529  0.528] u=[-12.28  13.33  13.18 -12.51 | -0.71  2.33]
t=50.001 pos=[ 3.335  30.981  0.045] rpy=[-0.000  0.087  0.265] L0=[ 0.284  0.284] phi1=[ 2.638  2.638] phi4=[ 0.529  0.529] u=[-12.28  13.33  13.18 -12.51 | -0.68  2.38]
t=50.501 pos=[ 3.339  30.983  0.045] rpy=[-0.000  0.087  0.282] L0=[ 0.284  0.284] phi1=[ 2.638  2.638] phi4=[ 0.529  0.529] u=[-12.28  13.33  13.17 -12.52 | -0.65  2.42]
t=51.001 pos=[ 3.343  30.985  0.045] rpy=[-0.000  0.087  0.300] L0=[ 0.284  0.284] phi1=[ 2.638  2.639] phi4=[ 0.529  0.528] u=[-12.27  13.34  13.17 -12.52 | -0.64  2.48]
t=51.501 pos=[ 3.346  30.987  0.045] rpy=[-0.000  0.087  0.318] L0=[ 0.284  0.284] phi1=[ 2.638  2.639] phi4=[ 0.529  0.528] u=[-12.28  13.34  13.17 -12.52 | -0.57  2.52]
t=52.001 pos=[ 3.350  30.990  0.045] rpy=[-0.000  0.088  0.337] L0=[ 0.284  0.284] phi1=[ 2.638  2.639] phi4=[ 0.529  0.528] u=[-12.29  13.33  13.18 -12.52 | -0.50  2.55]
t=52.501 pos=[ 3.355  30.993  0.045] rpy=[-0.000  0.088  0.356] L0=[ 0.284  0.284] phi1=[ 2.638  2.638] phi4=[ 0.529  0.528] u=[-12.28  13.34  13.16 -12.53 | -0.49  2.63]
t=53.001 pos=[ 3.359  30.995  0.045] rpy=[-0.000  0.088  0.376] L0=[ 0.284  0.284] phi1=[ 2.638  2.638] phi4=[ 0.529  0.528] u=[-12.28  13.34  13.16 -12.53 | -0.46  2.69]
t=53.501 pos=[ 3.364  30.999  0.045] rpy=[-0.000  0.088  0.396] L0=[ 0.284  0.284] phi1=[ 2.638  2.639] phi4=[ 0.529  0.528] u=[-12.28  13.34  13.16 -12.54 | -0.42  2.74]
t=54.001 pos=[ 3.368  31.002  0.045] rpy=[-0.000  0.088  0.417] L0=[ 0.284  0.284] phi1=[ 2.638  2.639] phi4=[ 0.528  0.528] u=[-12.29  13.33  13.17 -12.53 | -0.32  2.76]
t=54.501 pos=[ 3.374  31.006  0.045] rpy=[-0.000  0.088  0.438] L0=[ 0.284  0.284] phi1=[ 2.639  2.639] phi4=[ 0.528  0.528] u=[-12.30  13.33  13.17 -12.53 | -0.25  2.81]
t=55.001 pos=[ 3.379  31.010  0.045] rpy=[-0.000  0.088  0.459] L0=[ 0.284  0.284] phi1=[ 2.639  2.638] phi4=[ 0.528  0.528] u=[-12.30  13.33  13.16 -12.54 | -0.22  2.87]
t=55.501 pos=[ 3.384  31.014  0.045] rpy=[-0.001  0.088  0.481] L0=[ 0.284  0.284] phi1=[ 2.638  2.637] phi4=[ 0.528  0.527] u=[-12.32  13.31  13.14 -12.55 | -0.14  2.89]
t=56.001 pos=[ 3.393  31.019  0.045] rpy=[-0.002  0.089  0.509] L0=[ 0.284  0.283] phi1=[ 2.638  2.640] phi4=[ 0.528  0.524] u=[-12.31  13.32  13.15 -12.59 |  0.01  2.94]
t=56.501 pos=[ 3.421  31.033  0.045] rpy=[-0.002  0.089  0.562] L0=[ 0.284  0.283] phi1=[ 2.638  2.638] phi4=[ 0.528  0.524] u=[-12.31  13.31  13.10 -12.61 |  0.17  3.04]
t=57.001 pos=[ 3.456  31.052  0.045] rpy=[-0.001  0.089  0.615] L0=[ 0.283  0.283] phi1=[ 2.639  2.635] phi4=[ 0.527  0.522] u=[-12.37  13.29  13.07 -12.66 |  0.40  3.02]
t=57.501 pos=[ 3.503  31.081  0.045] rpy=[-0.002  0.090  0.662] L0=[ 0.284  0.285] phi1=[ 2.636  2.629] phi4=[ 0.526  0.524] u=[-12.39  13.23  12.90 -12.71 |  0.55  2.97]
t=58.001 pos=[ 3.560  31.122  0.045] rpy=[-0.001  0.090  0.706] L0=[ 0.284  0.284] phi1=[ 2.637  2.631] phi4=[ 0.526  0.524] u=[-12.33  13.31  12.90 -12.78 |  0.36  3.33]
t=58.501 pos=[ 3.627  31.179  0.046] rpy=[-0.002  0.090  0.749] L0=[ 0.284  0.284] phi1=[ 2.637  2.629] phi4=[ 0.526  0.522] u=[-12.32  13.33  12.86 -12.86 |  0.54  3.47]
t=59.001 pos=[ 3.721  31.269  0.046] rpy=[-0.004  0.089  0.808] L0=[ 0.283  0.284] phi1=[ 2.638  2.629] phi4=[ 0.526  0.520] u=[-12.39  13.28  12.92 -12.82 |  1.24  3.06]
t=59.501 pos=[ 3.858  31.429  0.046] rpy=[-0.003  0.091  0.905] L0=[ 0.283  0.282] phi1=[ 2.638  2.634] phi4=[ 0.522  0.515] u=[-12.24  13.48  12.72 -13.07 |  0.78  4.23]
t=60.001 pos=[ 4.031  31.754  0.047] rpy=[ 0.001  0.095  1.288] L0=[ 0.281  0.282] phi1=[ 2.642  2.644] phi4=[ 0.511  0.520] u=[-12.47  13.37  13.12 -12.78 |  3.03  4.71]
t=60.501 pos=[ 4.122  32.380  0.047] rpy=[ 0.001  0.096  1.849] L0=[ 0.281  0.282] phi1=[ 2.640  2.651] phi4=[ 0.510  0.526] u=[-12.58  13.37  13.35 -12.57 |  3.27  6.55]
t=61.001 pos=[ 4.157  33.211  0.047] rpy=[-0.003  0.091  1.589] L0=[ 0.281  0.284] phi1=[ 2.643  2.635] phi4=[ 0.517  0.526] u=[-12.33  13.32  12.60 -12.95 |  2.95  3.78]
t=61.501 pos=[ 4.103  34.191  0.052] rpy=[-0.020  0.088  1.826] L0=[ 0.281  0.284] phi1=[ 2.644  2.585] phi4=[ 0.519  0.477] u=[-13.52  12.28  12.56 -13.05 |  4.18  5.17]
t=62.001 pos=[ 3.929  35.290  0.047] rpy=[-0.000  0.093  1.720] L0=[ 0.281  0.284] phi1=[ 2.644  2.609] phi4=[ 0.518  0.498] u=[-13.09  12.63  12.43 -13.07 |  2.48  4.48]
t=62.501 pos=[ 3.698  36.445  0.048] rpy=[-0.003  0.094  1.825] L0=[ 0.279  0.284] phi1=[ 2.651  2.641] phi4=[ 0.513  0.531] u=[-13.00  12.91  13.97 -11.81 |  3.04  7.55]
t=63.001 pos=[ 3.438  37.587  0.048] rpy=[-0.010  0.094  1.686] L0=[ 0.283  0.283] phi1=[ 2.637  2.655] phi4=[ 0.522  0.538] u=[-12.39  13.33  13.53 -12.30 |  1.61  6.77]
t=63.501 pos=[ 3.288  38.774  0.047] rpy=[-0.002  0.096  1.813] L0=[ 0.281  0.283] phi1=[ 2.646  2.639] phi4=[ 0.517  0.523] u=[-12.53  13.33  13.11 -12.73 |  1.56  7.47]
t=64.001 pos=[ 3.028  39.992  0.047] rpy=[-0.003  0.089  1.747] L0=[ 0.281  0.282] phi1=[ 2.652  2.637] phi4=[ 0.521  0.512] u=[-12.88  12.97  13.72 -12.11 |  2.49  7.56]
t=64.501 pos=[ 2.820  41.274  0.049] rpy=[-0.005  0.095  1.778] L0=[ 0.280  0.285] phi1=[ 2.649  2.585] phi4=[ 0.511  0.484] u=[-13.52  12.35  12.47 -13.04 |  2.71  6.53]
t=65.001 pos=[ 2.510  42.575  0.049] rpy=[-0.008  0.079  1.800] L0=[ 0.280  0.280] phi1=[ 2.662  2.641] phi4=[ 0.524  0.506] u=[-12.90  13.00  13.72 -12.19 |  1.65  7.18]
t=65.501 pos=[ 2.278  43.880  0.048] rpy=[-0.002  0.072  1.684] L0=[ 0.279  0.280] phi1=[ 2.675  2.656] phi4=[ 0.534  0.522] u=[-12.21  13.68  13.90 -12.04 |  2.47  6.07]
t=66.001 pos=[ 2.091  45.229  0.048] rpy=[-0.009  0.085  1.762] L0=[ 0.283  0.284] phi1=[ 2.648  2.606] phi4=[ 0.531  0.498] u=[-12.47  13.14  12.45 -13.10 |  0.87  8.05]
t=66.501 pos=[ 1.762  46.612  0.048] rpy=[-0.011  0.087  1.904] L0=[ 0.282  0.286] phi1=[ 2.650  2.636] phi4=[ 0.531  0.539] u=[-12.50  13.20  13.67 -11.95 |  0.40  9.73]
t=67.001 pos=[ 1.378  47.981  0.048] rpy=[-0.028  0.087  1.563] L0=[ 0.291  0.282] phi1=[ 2.609  2.634] phi4=[ 0.546  0.515] u=[-12.22  12.95  12.66 -13.08 | -0.21  6.35]
t=67.501 pos=[ 1.425  49.278  0.048] rpy=[-0.005  0.047  1.697] L0=[ 0.284  0.285] phi1=[ 2.666  2.674] phi4=[ 0.556  0.575] u=[-11.08  14.31  13.07 -12.49 |  0.46  8.25]
t=68.001 pos=[ 1.485  50.555  0.055] rpy=[-0.024  0.089  1.864] L0=[ 0.281  0.283] phi1=[ 2.641  2.618] phi4=[ 0.511  0.501] u=[-13.40  12.45  13.27 -12.46 |  4.96  4.70]
t=68.501 pos=[ 1.485  51.954  0.049] rpy=[-0.004  0.095  1.512] L0=[ 0.280  0.279] phi1=[ 2.650  2.662] phi4=[ 0.512  0.523] u=[-12.03  13.88  12.84 -13.21 |  0.26  5.92]
t=69.001 pos=[ 1.491  53.277  0.048] rpy=[-0.003  0.043  1.987] L0=[ 0.280  0.279] phi1=[ 2.699  2.695] phi4=[ 0.567  0.556] u=[-11.10  14.66  13.91 -12.05 |  2.97  9.06]
t=69.501 pos=[ 1.553  54.619  0.052] rpy=[-0.041  0.077  1.128] L0=[ 0.289  0.280] phi1=[ 2.621  2.669] phi4=[ 0.546  0.534] u=[-11.49  13.86  13.41 -12.52 |  3.81  3.17]
t=70.001 pos=[ 1.937  55.843  0.054] rpy=[-0.023  0.073  2.181] L0=[ 0.281  0.285] phi1=[ 2.662  2.606] phi4=[ 0.530  0.502] u=[-12.83  12.76  13.04 -12.50 |  5.35  6.28]
t=70.501 pos=[ 1.911  56.908  0.056] rpy=[-0.042  0.073  1.737] L0=[ 0.283  0.277] phi1=[ 2.653  2.631] phi4=[ 0.535  0.476] u=[-12.80  12.87  13.16 -12.81 |  3.07  3.33]
t=71.001 pos=[ 2.040  57.839  0.050] rpy=[-0.022  0.089  0.331] L0=[ 0.286  0.273] phi1=[ 2.625  2.673] phi4=[ 0.529  0.493] u=[-11.40  14.23  12.40 -13.87 | -1.81  3.76]
t=71.501 pos=[ 2.661  58.171  0.047] rpy=[-0.005  0.093  0.531] L0=[ 0.283  0.281] phi1=[ 2.633  2.646] phi4=[ 0.517  0.516] u=[-11.68  14.10  12.39 -13.55 |  3.01  0.90]
t=72.001 pos=[ 3.510  58.650  0.046] rpy=[-0.000  0.089  0.480] L0=[ 0.285  0.282] phi1=[ 2.628  2.642] phi4=[ 0.529  0.524] u=[-11.25  14.28  11.95 -13.79 |  1.79 -0.37]
t=72.501 pos=[ 4.077  58.826  0.043] rpy=[-0.002  0.078 -1.210] L0=[ 0.288  0.286] phi1=[ 2.632  2.640] phi4=[ 0.550  0.548] u=[-11.81  13.54  13.34 -12.22 | -4.95 -1.56]
t=73.001 pos=[ 3.915  59.068  0.047] rpy=[-0.005  0.092 -0.459] L0=[ 0.287  0.279] phi1=[ 2.639  2.652] phi4=[ 0.547  0.510] u=[-12.48  12.96  13.74 -12.19 | -2.61  2.02]
t=73.501 pos=[ 3.864  59.139  0.045] rpy=[-0.000  0.087  0.079] L0=[ 0.284  0.284] phi1=[ 2.638  2.638] phi4=[ 0.530  0.530] u=[-12.25  13.35  13.17 -12.51 | -1.22  1.97]
t=74.001 pos=[ 3.865  59.139  0.045] rpy=[-0.000  0.087  0.092] L0=[ 0.284  0.284] phi1=[ 2.638  2.638] phi4=[ 0.530  0.529] u=[-12.26  13.34  13.18 -12.50 | -1.14  1.96]
t=74.501 pos=[ 3.867  59.140  0.045] rpy=[-0.000  0.087  0.105] L0=[ 0.284  0.284] phi1=[ 2.638  2.638] phi4=[ 0.530  0.529] u=[-12.27  13.34  13.18 -12.50 | -1.10  1.99]
t=75.001 pos=[ 3.868  59.141  0.045] rpy=[-0.000  0.087  0.118] L0=[ 0.284  0.284] phi1=[ 2.638  2.638] phi4=[ 0.530  0.529] u=[-12.26  13.34  13.18 -12.51 | -1.09  2.04]
t=75.501 pos=[ 3.870  59.142  0.045] rpy=[-0.000  0.087  0.131] L0=[ 0.284  0.284] phi1=[ 2.638  2.638] phi4=[ 0.530  0.529] u=[-12.27  13.34  13.18 -12.50 | -1.04  2.06]
t=76.001 pos=[ 3.872  59.143  0.045] rpy=[-0.000  0.087  0.145] L0=[ 0.284  0.284] phi1=[ 2.638  2.638] phi4=[ 0.530  0.529] u=[-12.27  13.34  13.18 -12.51 | -1.01  2.10]
t=76.501 pos=[ 3.874  59.144  0.045] rpy=[-0.000  0.087  0.159] L0=[ 0.284  0.284] phi1=[ 2.638  2.638] phi4=[ 0.530  0.529] u=[-12.27  13.33  13.18 -12.50 | -0.96  2.12]
t=77.001 pos=[ 3.876  59.145  0.045] rpy=[-0.000  0.087  0.173] L0=[ 0.284  0.284] phi1=[ 2.638  2.638] phi4=[ 0.530  0.529] u=[-12.27  13.34  13.17 -12.51 | -0.94  2.16]
t=77.501 pos=[ 3.878  59.146  0.045] rpy=[-0.000  0.087  0.188] L0=[ 0.284  0.284] phi1=[ 2.638  2.638] phi4=[ 0.530  0.529] u=[-12.27  13.34  13.18 -12.51 | -0.90  2.20]
t=78.001 pos=[ 3.881  59.147  0.045] rpy=[-0.000  0.087  0.203] L0=[ 0.284  0.284] phi1=[ 2.638  2.638] phi4=[ 0.530  0.529] u=[-12.28  13.33  13.18 -12.51 | -0.84  2.22]
t=78.501 pos=[ 3.883  59.149  0.045] rpy=[-0.000  0.087  0.218] L0=[ 0.284  0.284] phi1=[ 2.638  2.638] phi4=[ 0.530  0.529] u=[-12.27  13.34  13.18 -12.51 | -0.81  2.27]
t=79.001 pos=[ 3.886  59.150  0.045] rpy=[-0.000  0.087  0.234] L0=[ 0.284  0.284] phi1=[ 2.638  2.638] phi4=[ 0.529  0.529] u=[-12.28  13.34  13.16 -12.52 | -0.81  2.33]
t=79.501 pos=[ 3.889  59.152  0.045] rpy=[-0.000  0.087  0.250] L0=[ 0.284  0.284] phi1=[ 2.638  2.639] phi4=[ 0.530  0.528] u=[-12.27  13.33  13.18 -12.51 | -0.72  2.34]
t=80.001 pos=[ 3.893  59.154  0.045] rpy=[-0.000  0.087  0.267] L0=[ 0.284  0.284] phi1=[ 2.638  2.638] phi4=[ 0.529  0.529] u=[-12.27  13.34  13.16 -12.53 | -0.73  2.42]
t=80.501 pos=[ 3.896  59.156  0.045] rpy=[-0.000  0.087  0.285] L0=[ 0.284  0.284] phi1=[ 2.638  2.638] phi4=[ 0.529  0.529] u=[-12.28  13.33  13.17 -12.52 | -0.65  2.44]
t=81.001 pos=[ 3.900  59.158  0.045] rpy=[-0.000  0.087  0.303] L0=[ 0.284  0.284] phi1=[ 2.638  2.638] phi4=[ 0.529  0.528] u=[-12.28  13.33  13.18 -12.52 | -0.59  2.47]
t=81.501 pos=[ 3.904  59.160  0.045] rpy=[-0.000  0.087  0.321] L0=[ 0.284  0.284] phi1=[ 2.638  2.639] phi4=[ 0.529  0.528] u=[-12.29  13.33  13.18 -12.52 | -0.54  2.52]
t=82.001 pos=[ 3.908  59.163  0.045] rpy=[-0.000  0.088  0.340] L0=[ 0.284  0.284] phi1=[ 2.638  2.639] phi4=[ 0.529  0.528] u=[-12.29  13.33  13.17 -12.52 | -0.50  2.57]
t=82.501 pos=[ 3.912  59.166  0.045] rpy=[-0.000  0.088  0.359] L0=[ 0.284  0.284] phi1=[ 2.638  2.638] phi4=[ 0.529  0.528] u=[-12.29  13.34  13.16 -12.53 | -0.48  2.63]
t=83.001 pos=[ 3.917  59.169  0.045] rpy=[-0.000  0.088  0.379] L0=[ 0.284  0.284] phi1=[ 2.638  2.638] phi4=[ 0.528  0.528] u=[-12.29  13.33  13.17 -12.53 | -0.40  2.67]
t=83.501 pos=[ 3.921  59.172  0.045] rpy=[-0.000  0.088  0.400] L0=[ 0.284  0.284] phi1=[ 2.638  2.639] phi4=[ 0.529  0.528] u=[-12.29  13.34  13.16 -12.54 | -0.40  2.74]
t=84.001 pos=[ 3.926  59.175  0.045] rpy=[-0.000  0.088  0.421] L0=[ 0.284  0.284] phi1=[ 2.638  2.639] phi4=[ 0.528  0.528] u=[-12.30  13.33  13.17 -12.53 | -0.30  2.77]
t=84.501 pos=[ 3.931  59.179  0.045] rpy=[-0.000  0.088  0.442] L0=[ 0.284  0.284] phi1=[ 2.639  2.638] phi4=[ 0.528  0.528] u=[-12.30  13.34  13.16 -12.54 | -0.28  2.84]
t=85.001 pos=[ 3.936  59.183  0.045] rpy=[-0.000  0.088  0.464] L0=[ 0.284  0.284] phi1=[ 2.638  2.638] phi4=[ 0.528  0.527] u=[-12.31  13.32  13.16 -12.54 | -0.19  2.87]
t=85.501 pos=[ 3.941  59.187  0.045] rpy=[-0.001  0.088  0.486] L0=[ 0.284  0.284] phi1=[ 2.638  2.637] phi4=[ 0.528  0.526] u=[-12.32  13.31  13.12 -12.57 | -0.17  2.93]
t=86.001 pos=[ 3.954  59.194  0.045] rpy=[-0.002  0.089  0.518] L0=[ 0.284  0.283] phi1=[ 2.637  2.640] phi4=[ 0.528  0.524] u=[-12.29  13.33  13.09 -12.62 | -0.04  2.92]
t=86.501 pos=[ 3.982  59.209  0.045] rpy=[-0.001  0.089  0.571] L0=[ 0.284  0.283] phi1=[ 2.638  2.639] phi4=[ 0.527  0.524] u=[-12.30  13.34  13.14 -12.62 |  0.16  3.22]
t=87.001 pos=[ 4.020  59.230  0.045] rpy=[-0.001  0.089  0.622] L0=[ 0.284  0.283] phi1=[ 2.638  2.637] phi4=[ 0.527  0.523] u=[-12.32  13.33  13.11 -12.65 |  0.29  3.40]
t=87.501 pos=[ 4.063  59.257  0.045] rpy=[-0.001  0.090  0.664] L0=[ 0.283  0.284] phi1=[ 2.638  2.635] phi4=[ 0.526  0.524] u=[-12.36  13.30  13.04 -12.67 |  0.49  3.12]
t=88.001 pos=[ 4.114  59.293  0.045] rpy=[-0.001  0.090  0.704] L0=[ 0.283  0.284] phi1=[ 2.637  2.631] phi4=[ 0.526  0.524] u=[-12.34  13.28  12.85 -12.72 |  0.43  3.09]
t=88.501 pos=[ 4.182  59.349  0.046] rpy=[-0.002  0.089  0.747] L0=[ 0.283  0.284] phi1=[ 2.639  2.632] phi4=[ 0.526  0.522] u=[-12.28  13.39  12.91 -12.84 |  0.45  3.46]
t=89.001 pos=[ 4.280  59.443  0.046] rpy=[-0.002  0.089  0.803] L0=[ 0.283  0.282] phi1=[ 2.641  2.639] phi4=[ 0.525  0.518] u=[-12.25  13.45  13.07 -12.76 |  1.00  3.82]
t=89.501 pos=[ 4.429  59.613  0.046] rpy=[-0.003  0.090  0.896] L0=[ 0.283  0.284] phi1=[ 2.638  2.618] phi4=[ 0.524  0.509] u=[-12.36  13.29  12.51 -13.19 |  1.27  3.73]
t=90.001 pos=[ 4.622  59.967  0.047] rpy=[-0.000  0.095  1.296] L0=[ 0.281  0.282] phi1=[ 2.642  2.640] phi4=[ 0.512  0.519] u=[-12.37  13.51  12.91 -12.94 |  2.78  5.26]
t=90.501 pos=[ 4.725  60.607  0.048] rpy=[-0.001  0.089  1.843] L0=[ 0.280  0.281] phi1=[ 2.650  2.644] phi4=[ 0.514  0.518] u=[-12.44  13.45  13.28 -12.59 |  4.03  6.10]
t=91.001 pos=[ 4.776  61.430  0.047] rpy=[-0.004  0.091  1.554] L0=[ 0.282  0.283] phi1=[ 2.644  2.641] phi4=[ 0.521  0.524] u=[-12.28  13.47  13.27 -12.53 |  2.32  7.13]
t=91.501 pos=[ 4.751  62.439  0.048] rpy=[-0.005  0.086  1.939] L0=[ 0.281  0.283] phi1=[ 2.652  2.638] phi4=[ 0.520  0.523] u=[-12.68  13.14  13.81 -11.94 |  4.79  6.78]
t=92.001 pos=[ 4.669  63.526  0.050] rpy=[-0.017  0.084  1.354] L0=[ 0.283  0.279] phi1=[ 2.643  2.642] phi4=[ 0.528  0.503] u=[-12.44  13.31  13.05 -12.91 |  2.51  3.98]
t=92.501 pos=[ 4.803  64.583  0.048] rpy=[-0.007  0.098  1.991] L0=[ 0.281  0.284] phi1=[ 2.635  2.602] phi4=[ 0.509  0.492] u=[-12.98  12.89  12.38 -13.25 |  4.04  7.67]
t=93.001 pos=[ 4.871  65.837  0.048] rpy=[-0.016  0.090  1.300] L0=[ 0.285  0.280] phi1=[ 2.629  2.648] phi4=[ 0.527  0.515] u=[-12.43  13.21  13.49 -12.41 |  4.07  3.47]
t=93.501 pos=[ 5.242  67.077  0.048] rpy=[ 0.005  0.071  1.744] L0=[ 0.278  0.280] phi1=[ 2.671  2.671] phi4=[ 0.523  0.532] u=[-11.29  14.61  13.46 -12.47 |  5.01  7.30]
t=94.001 pos=[ 5.505  68.382  0.049] rpy=[-0.012  0.090  1.891] L0=[ 0.285  0.281] phi1=[ 2.626  2.637] phi4=[ 0.526  0.510] u=[-12.59  13.02  12.90 -12.95 |  2.88  4.70]
t=94.501 pos=[ 5.780  69.792  0.052] rpy=[-0.039  0.062  0.674] L0=[ 0.290  0.277] phi1=[ 2.633  2.681] phi4=[ 0.566  0.526] u=[-11.01  14.16  13.70 -12.33 |  5.24 -0.01]
t=95.001 pos=[ 6.624  70.785  0.047] rpy=[ 0.005  0.092  1.077] L0=[ 0.281  0.284] phi1=[ 2.641  2.633] phi4=[ 0.513  0.522] u=[-11.62  14.12  12.02 -13.65 |  2.97  3.90]
t=95.501 pos=[ 7.190  72.203  0.048] rpy=[ 0.001  0.080  1.990] L0=[ 0.282  0.282] phi1=[ 2.655  2.641] phi4=[ 0.534  0.521] u=[-11.90  13.76  13.04 -12.66 |  6.57  3.68]
t=96.001 pos=[ 7.611  73.778  0.050] rpy=[-0.000  0.077  1.345] L0=[ 0.279  0.277] phi1=[ 2.657  2.670] phi4=[ 0.515  0.515] u=[-11.81  14.09  13.12 -12.97 |  4.57  2.31]
t=96.501 pos=[ 8.012  75.531  0.048] rpy=[ 0.006  0.084  1.969] L0=[ 0.281  0.280] phi1=[ 2.653  2.653] phi4=[ 0.524  0.520] u=[-12.15  13.66  13.50 -12.40 |  7.11  4.46]
t=97.001 pos=[ 8.372  77.402  0.049] rpy=[-0.007  0.091  1.420] L0=[ 0.282  0.280] phi1=[ 2.634  2.626] phi4=[ 0.509  0.490] u=[-12.83  12.93  12.22 -13.60 |  3.31  1.67]
t=97.501 pos=[ 8.709  79.520  0.050] rpy=[-0.001  0.094  1.832] L0=[ 0.280  0.279] phi1=[ 2.634  2.660] phi4=[ 0.498  0.518] u=[-12.53  13.36  13.48 -12.51 |  5.99  6.98]
t=98.001 pos=[ 9.008  81.629  0.051] rpy=[ 0.011  0.092  1.702] L0=[ 0.280  0.280] phi1=[ 2.630  2.658] phi4=[ 0.496  0.525] u=[-12.44  13.50  13.37 -12.62 |  5.76  4.74]
t=98.501 pos=[ 9.289  83.741  0.049] rpy=[-0.006  0.078  1.765] L0=[ 0.283  0.280] phi1=[ 2.636  2.653] phi4=[ 0.521  0.519] u=[-12.66  12.56  13.07 -12.69 |  0.25  5.15]
t=99.001 pos=[ 9.567  86.001  0.049] rpy=[-0.004  0.099  1.375] L0=[ 0.281  0.281] phi1=[ 2.630  2.647] phi4=[ 0.499  0.518] u=[-12.81  13.02  12.73 -13.13 | -0.14  5.70]
t=99.501 pos=[ 9.830  88.277  0.048] rpy=[-0.000  0.090  1.912] L0=[ 0.282  0.283] phi1=[ 2.664  2.645] phi4=[ 0.545  0.532] u=[-11.13  14.41  12.46 -13.17 |  3.61  4.55]
