t= 0.001 pos=[ 0.000  0.000  0.012] rpy=[ 0.000  0.000  0.000] L0=[ 0.200  0.200] phi1=[ 2.911  2.911] phi4=[ 0.231  0.231] u=[-13.61  13.61  13.67 -13.55 |  0.00  0.12]
t= 0.501 pos=[-0.068  0.020  0.068] rpy=[-0.019  0.156 -0.074] L0=[ 0.282  0.272] phi1=[ 2.836  2.470] phi4=[ 0.715  0.284] u=[-15.06  9.61  16.46 -9.33 |  14.00 -8.69]
t= 1.001 pos=[-0.199  0.163  0.046] rpy=[-0.002  0.093  1.130] L0=[ 0.283  0.284] phi1=[ 2.637  2.622] phi4=[ 0.518  0.516] u=[-12.59  13.11  12.72 -12.95 |  1.96  3.97]
t= 1.501 pos=[-0.125  0.461  0.047] rpy=[-0.003  0.094  1.588] L0=[ 0.282  0.284] phi1=[ 2.638  2.620] phi4=[ 0.515  0.511] u=[-12.67  13.11  12.79 -12.90 |  3.00  6.62]
t= 2.001 pos=[-0.151  0.983  0.047] rpy=[-0.004  0.094  1.719] L0=[ 0.283  0.284] phi1=[ 2.636  2.614] phi4=[ 0.518  0.503] u=[-12.89  12.86  12.74 -12.94 |  2.08  7.32]
t= 2.501 pos=[-0.286  1.693  0.047] rpy=[-0.005  0.091  1.824] L0=[ 0.281  0.283] phi1=[ 2.644  2.643] phi4=[ 0.518  0.527] u=[-12.72  13.11  13.56 -12.25 |  2.09  7.48]
t= 3.001 pos=[-0.481  2.548  0.046] rpy=[ 0.000  0.092  1.702] L0=[ 0.281  0.281] phi1=[ 2.644  2.641] phi4=[ 0.518  0.513] u=[-12.84  13.05  13.59 -12.29 |  2.80  6.98]
t= 3.501 pos=[-0.615  3.470  0.047] rpy=[-0.003  0.096  1.772] L0=[ 0.281  0.284] phi1=[ 2.645  2.611] phi4=[ 0.513  0.500] u=[-13.24  12.64  13.09 -12.56 |  2.58  7.65]
t= 4.001 pos=[-0.829  4.454  0.047] rpy=[ 0.000  0.086  1.717] L0=[ 0.281  0.283] phi1=[ 2.652  2.642] phi4=[ 0.521  0.524] u=[-12.45  13.15  12.67 -12.72 |  2.27  3.15]
t= 4.501 pos=[-0.962  5.502  0.048] rpy=[-0.006  0.094  1.761] L0=[ 0.282  0.284] phi1=[ 2.640  2.648] phi4=[ 0.515  0.537] u=[-12.45  13.35  13.54 -12.25 |  1.82  8.63]
t= 5.001 pos=[-1.229  6.679  0.048] rpy=[-0.001  0.082  1.773] L0=[ 0.279  0.280] phi1=[ 2.662  2.668] phi4=[ 0.523  0.531] u=[-12.34  13.48  14.17 -11.82 |  1.01  8.06]
t= 5.501 pos=[-1.378  7.830  0.049] rpy=[-0.008  0.091  1.554] L0=[ 0.282  0.281] phi1=[ 2.641  2.631] phi4=[ 0.518  0.504] u=[-12.95  12.89  13.36 -12.51 |  2.83  6.35]
t= 6.001 pos=[-1.405  9.038  0.050] rpy=[ 0.002  0.089  2.129] L0=[ 0.277  0.280] phi1=[ 2.665  2.672] phi4=[ 0.508  0.538] u=[-12.23  13.82  13.73 -12.31 |  3.47  7.49]
t= 6.501 pos=[-1.564  10.213  0.046] rpy=[-0.017  0.071  1.224] L0=[ 0.292  0.276] phi1=[ 2.623  2.685] phi4=[ 0.565  0.524] u=[-11.06  14.05  13.46 -12.70 | -1.90  6.36]
t= 7.001 pos=[-1.186  11.139  0.050] rpy=[ 0.007  0.095  1.148] L0=[ 0.277  0.281] phi1=[ 2.639  2.660] phi4=[ 0.486  0.535] u=[-12.23  13.88  12.86 -13.12 |  3.76  4.06]
t= 7.501 pos=[-0.889  12.281  0.051] rpy=[-0.011  0.074  2.150] L0=[ 0.281  0.284] phi1=[ 2.660  2.639] phi4=[ 0.528  0.529] u=[-11.52  14.23  13.13 -12.53 |  5.88  7.83]
t= 8.001 pos=[-0.724  13.513  0.048] rpy=[-0.011  0.092  0.892] L0=[ 0.286  0.281] phi1=[ 2.628  2.637] phi4=[ 0.536  0.509] u=[-11.48  13.91  11.19 -14.10 | -0.36  0.26]
t= 8.501 pos=[-0.028  14.466  0.047] rpy=[ 0.002  0.083  0.858] L0=[ 0.283  0.282] phi1=[ 2.638  2.666] phi4=[ 0.520  0.545] u=[-10.88  14.84  12.65 -13.24 |  3.50  3.35]
t= 9.001 pos=[ 0.568  15.628  0.048] rpy=[ 0.003  0.092  1.815] L0=[ 0.281  0.282] phi1=[ 2.643  2.639] phi4=[ 0.512  0.517] u=[-11.92  13.94  12.68 -13.13 |  6.32  5.62]
t= 9.501 pos=[ 1.022  17.043  0.051] rpy=[-0.017  0.077  1.527] L0=[ 0.282  0.279] phi1=[ 2.651  2.639] phi4=[ 0.529  0.494] u=[-12.41  13.11  12.68 -13.21 |  1.64  2.96]
t=10.001 pos=[ 1.453  18.784  0.050] rpy=[ 0.006  0.098  1.736] L0=[ 0.283  0.280] phi1=[ 2.624  2.634] phi4=[ 0.508  0.497] u=[-12.44  13.32  12.43 -13.42 |  5.80  4.68]
t=10.501 pos=[ 1.883  20.717  0.050] rpy=[-0.010  0.095  1.524] L0=[ 0.284  0.279] phi1=[ 2.634  2.631] phi4=[ 0.525  0.491] u=[-12.46  13.21  12.16 -13.76 |  2.55  2.22]
t=11.001 pos=[ 2.294  22.832  0.049] rpy=[ 0.009  0.094  1.772] L0=[ 0.283  0.283] phi1=[ 2.636  2.635] phi4=[ 0.518  0.521] u=[-12.02  13.74  12.79 -12.95 |  5.19  6.25]
t=11.501 pos=[ 2.709  25.105  0.054] rpy=[-0.023  0.056  1.580] L0=[ 0.281  0.276] phi1=[ 2.666  2.648] phi4=[ 0.541  0.487] u=[-11.96  13.76  13.24 -12.73 |  5.22  3.34]
t=12.001 pos=[ 3.110  27.350  0.053] rpy=[-0.015  0.080  1.920] L0=[ 0.280  0.279] phi1=[ 2.668  2.657] phi4=[ 0.530  0.516] u=[-12.20  13.23  13.34 -12.58 |  3.58  4.24]
t=12.501 pos=[ 3.445  29.655  0.053] rpy=[ 0.013  0.070  1.269] L0=[ 0.279  0.279] phi1=[ 2.644  2.673] phi4=[ 0.499  0.532] u=[-12.57  13.37  13.88 -12.12 |  3.75  2.62]
t=13.001 pos=[ 3.746  32.000  0.049] rpy=[-0.001  0.092  1.994] L0=[ 0.280  0.280] phi1=[ 2.663  2.640] phi4=[ 0.525  0.505] u=[-12.21  13.69  12.89 -13.03 |  5.11  6.20]
t=13.501 pos=[ 3.584  33.959  0.060] rpy=[ 0.025  0.013  2.641] L0=[ 0.275  0.285] phi1=[ 2.793  2.655] phi4=[ 0.625  0.554] u=[-12.70  13.54  15.11 -10.36 |  6.22  10.10]
t=14.001 pos=[ 2.789  35.183  0.069] rpy=[-0.100  0.012  1.565] L0=[ 0.286  0.274] phi1=[ 2.698  2.547] phi4=[ 0.600  0.371] u=[-13.25  12.33  12.63 -13.60 |  1.05  4.71]
t=14.501 pos=[ 2.613  36.310  0.073] rpy=[-0.110  0.048  0.129] L0=[ 0.281  0.274] phi1=[ 2.672  2.607] phi4=[ 0.544  0.429] u=[-12.47  13.30  11.93 -14.20 | -1.85  1.43]
t=15.001 pos=[ 2.884  36.452  0.047] rpy=[-0.006  0.090  0.618] L0=[ 0.284  0.285] phi1=[ 2.629  2.602] phi4=[ 0.524  0.502] u=[-12.01  13.49  11.20 -14.25 |  0.27  0.81]
t=15.501 pos=[ 3.336  36.772  0.047] rpy=[-0.003  0.089  0.611] L0=[ 0.282  0.281] phi1=[ 2.642  2.646] phi4=[ 0.523  0.520] u=[-11.86  13.86  12.86 -13.02 |  2.46  1.64]
t=16.001 pos=[ 4.024  37.203  0.045] rpy=[-0.000  0.086  0.385] L0=[ 0.284  0.283] phi1=[ 2.638  2.643] phi4=[ 0.531  0.531] u=[-11.32  14.28  12.43 -13.31 |  2.35 -0.72]
t=16.501 pos=[ 4.497  37.285  0.044] rpy=[-0.001  0.083 -0.376] L0=[ 0.286  0.285] phi1=[ 2.635  2.639] phi4=[ 0.540  0.539] u=[-11.95  13.52  13.18 -12.42 | -1.90  0.61]
t=17.001 pos=[ 4.499  37.284  0.045] rpy=[-0.001  0.086 -0.340] L0=[ 0.285  0.284] phi1=[ 2.637  2.639] phi4=[ 0.533  0.530] u=[-12.23  13.34  13.22 -12.46 | -2.18  0.89]
t=17.501 pos=[ 4.496  37.286  0.045] rpy=[-0.000  0.086 -0.319] L0=[ 0.285  0.284] phi1=[ 2.637  2.639] phi4=[ 0.533  0.530] u=[-12.22  13.35  13.20 -12.47 | -2.19  0.98]
t=18.001 pos=[ 4.493  37.288  0.045] rpy=[-0.000  0.086 -0.298] L0=[ 0.285  0.284] phi1=[ 2.637  2.639] phi4=[ 0.533  0.530] u=[-12.22  13.35  13.20 -12.47 | -2.14  1.02]
t=18.501 pos=[ 4.489  37.290  0.045] rpy=[-0.001  0.086 -0.279] L0=[ 0.285  0.284] phi1=[ 2.637  2.639] phi4=[ 0.533  0.530] u=[-12.23  13.34  13.22 -12.46 | -2.03  1.04]
t=19.001 pos=[ 4.486  37.291  0.045] rpy=[-0.000  0.086 -0.259] L0=[ 0.285  0.284] phi1=[ 2.637  2.639] phi4=[ 0.532  0.530] u=[-12.24  13.34  13.22 -12.46 | -1.96  1.07]
t=19.501 pos=[ 4.484  37.293  0.045] rpy=[-0.000  0.086 -0.240] L0=[ 0.284  0.284] phi1=[ 2.638  2.638] phi4=[ 0.532  0.530] u=[-12.24  13.34  13.21 -12.46 | -1.93  1.13]
t=20.001 pos=[ 4.481  37.294  0.045] rpy=[-0.000  0.086 -0.222] L0=[ 0.284  0.284] phi1=[ 2.637  2.639] phi4=[ 0.532  0.530] u=[-12.23  13.35  13.20 -12.48 | -1.94  1.21]
t=20.501 pos=[ 4.479  37.295  0.045] rpy=[-0.000  0.087 -0.203] L0=[ 0.284  0.284] phi1=[ 2.638  2.638] phi4=[ 0.532  0.530] u=[-12.23  13.35  13.20 -12.48 | -1.89  1.25]
t=21.001 pos=[ 4.477  37.296  0.045] rpy=[-0.000  0.086 -0.186] L0=[ 0.284  0.284] phi1=[ 2.637  2.639] phi4=[ 0.532  0.530] u=[-12.24  13.34  13.22 -12.46 | -1.78  1.25]
t=21.501 pos=[ 4.475  37.298  0.045] rpy=[-0.000  0.087 -0.169] L0=[ 0.284  0.284] phi1=[ 2.637  2.639] phi4=[ 0.532  0.530] u=[-12.24  13.34  13.20 -12.48 | -1.80  1.33]
t=22.001 pos=[ 4.474  37.299  0.045] rpy=[-0.001  0.086 -0.153] L0=[ 0.285  0.284] phi1=[ 2.637  2.639] phi4=[ 0.532  0.530] u=[-12.24  13.34  13.21 -12.47 | -1.72  1.34]
t=22.501 pos=[ 4.472  37.299  0.045] rpy=[-0.000  0.087 -0.137] L0=[ 0.284  0.284] phi1=[ 2.638  2.638] phi4=[ 0.531  0.530] u=[-12.25  13.34  13.21 -12.47 | -1.67  1.37]
t=23.001 pos=[ 4.471  37.300  0.045] rpy=[-0.000  0.087 -0.121] L0=[ 0.284  0.284] phi1=[ 2.638  2.638] phi4=[ 0.531  0.530] u=[-12.25  13.34  13.19 -12.48 | -1.66  1.43]
t=23.501 pos=[ 4.470  37.301  0.045] rpy=[-0.000  0.087 -0.107] L0=[ 0.284  0.284] phi1=[ 2.638  2.638] phi4=[ 0.531  0.530] u=[-12.25  13.34  13.20 -12.48 | -1.63  1.47]
t=24.001 pos=[ 4.470  37.302  0.045] rpy=[-0.000  0.087 -0.093] L0=[ 0.284  0.284] phi1=[ 2.638  2.638] phi4=[ 0.531  0.530] u=[-12.26  13.34  13.20 -12.48 | -1.57  1.49]
t=24.501 pos=[ 4.470  37.303  0.045] rpy=[-0.000  0.087 -0.079] L0=[ 0.284  0.284] phi1=[ 2.638  2.638] phi4=[ 0.531  0.530] u=[-12.25  13.34  13.19 -12.48 | -1.57  1.54]
t=25.001 pos=[ 4.469  37.303  0.045] rpy=[-0.000  0.087 -0.065] L0=[ 0.284  0.284] phi1=[ 2.637  2.639] phi4=[ 0.531  0.530] u=[-12.24  13.34  13.19 -12.49 | -1.54  1.58]
t=25.501 pos=[ 4.469  37.304  0.045] rpy=[-0.000  0.087 -0.052] L0=[ 0.284  0.284] phi1=[ 2.638  2.638] phi4=[ 0.531  0.530] u=[-12.25  13.34  13.19 -12.48 | -1.48  1.60]
t=26.001 pos=[ 4.470  37.305  0.045] rpy=[-0.000  0.087 -0.039] L0=[ 0.284  0.284] phi1=[ 2.638  2.638] phi4=[ 0.531  0.530] u=[-12.25  13.34  13.18 -12.49 | -1.49  1.65]
t=26.501 pos=[ 4.470  37.305  0.045] rpy=[-0.000  0.087 -0.026] L0=[ 0.284  0.284] phi1=[ 2.637  2.639] phi4=[ 0.531  0.530] u=[-12.25  13.34  13.19 -12.49 | -1.43  1.67]
t=27.001 pos=[ 4.470  37.306  0.045] rpy=[-0.000  0.087 -0.013] L0=[ 0.284  0.284] phi1=[ 2.638  2.638] phi4=[ 0.531  0.530] u=[-12.26  13.34  13.19 -12.49 | -1.38  1.69]
t=27.501 pos=[ 4.471  37.306  0.045] rpy=[-0.000  0.087 -0.001] L0=[ 0.284  0.284] phi1=[ 2.638  2.639] phi4=[ 0.531  0.530] u=[-12.26  13.34  13.19 -12.49 | -1.36  1.73]
t=28.001 pos=[ 4.472  37.307  0.045] rpy=[-0.000  0.087  0.012] L0=[ 0.284  0.284] phi1=[ 2.638  2.638] phi4=[ 0.530  0.530] u=[-12.26  13.34  13.18 -12.49 | -1.34  1.77]
t=28.501 pos=[ 4.472  37.308  0.045] rpy=[-0.000  0.087  0.025] L0=[ 0.284  0.284] phi1=[ 2.638  2.638] phi4=[ 0.530  0.530] u=[-12.26  13.34  13.18 -12.50 | -1.34  1.82]
t=29.001 pos=[ 4.473  37.308  0.045] rpy=[-0.000  0.087  0.038] L0=[ 0.284  0.284] phi1=[ 2.638  2.639] phi4=[ 0.531  0.530] u=[-12.26  13.34  13.19 -12.49 | -1.26  1.82]
t=29.501 pos=[ 4.474  37.309  0.045] rpy=[-0.000  0.087  0.050] L0=[ 0.284  0.284] phi1=[ 2.638  2.638] phi4=[ 0.530  0.530] u=[-12.26  13.35  13.18 -12.50 | -1.26  1.87]
t=30.001 pos=[ 4.475  37.310  0.045] rpy=[-0.000  0.087  0.063] L0=[ 0.284  0.284] phi1=[ 2.638  2.639] phi4=[ 0.531  0.529] u=[-12.26  13.34  13.19 -12.49 | -1.19  1.88]
t=30.501 pos=[ 4.476  37.310  0.045] rpy=[-0.000  0.087  0.076] L0=[ 0.284  0.284] phi1=[ 2.638  2.638] phi4=[ 0.530  0.530] u=[-12.26  13.34  13.18 -12.49 | -1.17  1.92]
t=31.001 pos=[ 4.477  37.311  0.045] rpy=[-0.000  0.087  0.088] L0=[ 0.284  0.284] phi1=[ 2.638  2.639] phi4=[ 0.531  0.529] u=[-12.26  13.34  13.19 -12.49 | -1.12  1.94]
t=31.501 pos=[ 4.479  37.312  0.045] rpy=[-0.000  0.087  0.101] L0=[ 0.284  0.284] phi1=[ 2.638  2.638] phi4=[ 0.530  0.529] u=[-12.26  13.34  13.18 -12.51 | -1.14  2.00]
t=32.001 pos=[ 4.480  37.312  0.045] rpy=[-0.000  0.087  0.114] L0=[ 0.284  0.284] phi1=[ 2.638  2.639] phi4=[ 0.530  0.529] u=[-12.27  13.34  13.18 -12.50 | -1.08  2.02]
t=32.501 pos=[ 4.482  37.313  0.045] rpy=[-0.000  0.087  0.128] L0=[ 0.284  0.284] phi1=[ 2.638  2.638] phi4=[ 0.530  0.529] u=[-12.27  13.34  13.18 -12.51 | -1.06  2.05]
t=33.001 pos=[ 4.483  37.314  0.045] rpy=[-0.000  0.087  0.141] L0=[ 0.284  0.284] phi1=[ 2.638  2.638] phi4=[ 0.530  0.529] u=[-12.26  13.34  13.17 -12.51 | -1.05  2.10]
t=33.501 pos=[ 4.485  37.315  0.045] rpy=[-0.000  0.087  0.155] L0=[ 0.284  0.284] phi1=[ 2.638  2.638] phi4=[ 0.530  0.529] u=[-12.27  13.33  13.18 -12.50 | -0.96  2.11]
t=34.001 pos=[ 4.487  37.316  0.045] rpy=[-0.000  0.087  0.169] L0=[ 0.284  0.284] phi1=[ 2.638  2.638] phi4=[ 0.530  0.529] u=[-12.27  13.34  13.18 -12.51 | -0.93  2.15]
t=34.501 pos=[ 4.490  37.318  0.045] rpy=[-0.001  0.087  0.184] L0=[ 0.284  0.284] phi1=[ 2.638  2.639] phi4=[ 0.530  0.529] u=[-12.27  13.33  13.19 -12.50 | -0.88  2.17]
t=35.001 pos=[ 4.492  37.319  0.045] rpy=[-0.000  0.087  0.199] L0=[ 0.284  0.284] phi1=[ 2.638  2.638] phi4=[ 0.529  0.529] u=[-12.28  13.34  13.17 -12.51 | -0.87  2.22]
t=35.501 pos=[ 4.495  37.320  0.045] rpy=[-0.000  0.087  0.214] L0=[ 0.284  0.284] phi1=[ 2.638  2.639] phi4=[ 0.530  0.529] u=[-12.27  13.34  13.17 -12.52 | -0.85  2.28]
t=36.001 pos=[ 4.498  37.322  0.045] rpy=[-0.000  0.087  0.230] L0=[ 0.284  0.284] phi1=[ 2.638  2.639] phi4=[ 0.530  0.529] u=[-12.28  13.33  13.18 -12.51 | -0.78  2.29]
t=36.501 pos=[ 4.501  37.323  0.045] rpy=[-0.000  0.087  0.246] L0=[ 0.284  0.284] phi1=[ 2.638  2.639] phi4=[ 0.530  0.529] u=[-12.28  13.33  13.18 -12.51 | -0.72  2.33]
t=37.001 pos=[ 4.504  37.325  0.045] rpy=[-0.000  0.087  0.263] L0=[ 0.284  0.284] phi1=[ 2.638  2.638] phi4=[ 0.529  0.529] u=[-12.27  13.34  13.16 -12.53 | -0.74  2.40]
t=37.501 pos=[ 4.508  37.327  0.045] rpy=[-0.000  0.087  0.280] L0=[ 0.284  0.284] phi1=[ 2.638  2.638] phi4=[ 0.529  0.529] u=[-12.28  13.34  13.17 -12.52 | -0.67  2.43]
t=38.001 pos=[ 4.511  37.329  0.045] rpy=[-0.000  0.087  0.298] L0=[ 0.284  0.284] phi1=[ 2.638  2.639] phi4=[ 0.529  0.528] u=[-12.28  13.33  13.18 -12.52 | -0.62  2.47]
t=38.501 pos=[ 4.515  37.332  0.045] rpy=[-0.000  0.088  0.316] L0=[ 0.284  0.284] phi1=[ 2.638  2.639] phi4=[ 0.529  0.528] u=[-12.28  13.33  13.17 -12.53 | -0.58  2.52]
t=39.001 pos=[ 4.519  37.334  0.045] rpy=[-0.000  0.088  0.335] L0=[ 0.284  0.284] phi1=[ 2.638  2.638] phi4=[ 0.529  0.528] u=[-12.29  13.33  13.17 -12.53 | -0.53  2.56]
t=39.501 pos=[ 4.523  37.337  0.045] rpy=[-0.000  0.088  0.354] L0=[ 0.284  0.284] phi1=[ 2.638  2.638] phi4=[ 0.529  0.528] u=[-12.29  13.33  13.17 -12.52 | -0.47  2.60]
t=40.001 pos=[ 4.528  37.340  0.045] rpy=[-0.000  0.088  0.374] L0=[ 0.284  0.284] phi1=[ 2.638  2.638] phi4=[ 0.529  0.528] u=[-12.29  13.34  13.16 -12.53 | -0.45  2.67]
t=40.501 pos=[ 4.532  37.343  0.045] rpy=[-0.000  0.088  0.394] L0=[ 0.284  0.284] phi1=[ 2.639  2.639] phi4=[ 0.529  0.528] u=[-12.29  13.33  13.17 -12.52 | -0.36  2.70]
t=41.001 pos=[ 4.537  37.346  0.045] rpy=[-0.000  0.088  0.415] L0=[ 0.284  0.284] phi1=[ 2.638  2.639] phi4=[ 0.528  0.528] u=[-12.28  13.34  13.16 -12.54 | -0.35  2.78]
t=41.501 pos=[ 4.542  37.350  0.045] rpy=[-0.000  0.088  0.436] L0=[ 0.284  0.284] phi1=[ 2.639  2.639] phi4=[ 0.528  0.528] u=[-12.29  13.34  13.16 -12.54 | -0.29  2.82]
t=42.001 pos=[ 4.547  37.354  0.045] rpy=[-0.000  0.088  0.457] L0=[ 0.284  0.284] phi1=[ 2.639  2.638] phi4=[ 0.528  0.528] u=[-12.30  13.33  13.16 -12.54 | -0.23  2.87]
t=42.501 pos=[ 4.553  37.357  0.045] rpy=[-0.001  0.088  0.479] L0=[ 0.284  0.284] phi1=[ 2.638  2.637] phi4=[ 0.528  0.527] u=[-12.32  13.31  13.13 -12.56 | -0.18  2.91]
t=43.001 pos=[ 4.561  37.363  0.045] rpy=[-0.002  0.089  0.507] L0=[ 0.284  0.283] phi1=[ 2.637  2.640] phi4=[ 0.528  0.524] u=[-12.31  13.31  13.12 -12.60 | -0.05  2.90]
t=43.501 pos=[ 4.588  37.376  0.045] rpy=[-0.002  0.089  0.559] L0=[ 0.284  0.283] phi1=[ 2.638  2.639] phi4=[ 0.527  0.524] u=[-12.29  13.33  13.04 -12.64 |  0.04  2.96]
t=44.001 pos=[ 4.622  37.395  0.045] rpy=[-0.001  0.089  0.610] L0=[ 0.284  0.283] phi1=[ 2.638  2.637] phi4=[ 0.526  0.523] u=[-12.33  13.32  13.10 -12.67 |  0.17  3.31]
t=44.501 pos=[ 4.666  37.422  0.046] rpy=[-0.001  0.089  0.657] L0=[ 0.283  0.283] phi1=[ 2.640  2.637] phi4=[ 0.526  0.522] u=[-12.36  13.33  13.15 -12.64 |  0.58  3.27]
t=45.001 pos=[ 4.724  37.463  0.045] rpy=[-0.001  0.089  0.701] L0=[ 0.283  0.284] phi1=[ 2.639  2.633] phi4=[ 0.526  0.524] u=[-12.33  13.32  13.03 -12.68 |  0.59  3.37]
t=45.501 pos=[ 4.790  37.518  0.046] rpy=[-0.002  0.089  0.743] L0=[ 0.283  0.283] phi1=[ 2.639  2.633] phi4=[ 0.526  0.521] u=[-12.38  13.31  13.04 -12.72 |  0.80  3.40]
t=46.001 pos=[ 4.877  37.600  0.046] rpy=[-0.002  0.090  0.795] L0=[ 0.283  0.285] phi1=[ 2.638  2.624] phi4=[ 0.525  0.522] u=[-12.36  13.25  12.65 -12.82 |  0.81  3.12]
t=46.501 pos=[ 5.008  37.745  0.046] rpy=[-0.003  0.090  0.880] L0=[ 0.283  0.283] phi1=[ 2.641  2.634] phi4=[ 0.523  0.516] u=[-12.30  13.40  13.00 -12.78 |  1.61  3.88]
t=47.001 pos=[ 5.205  38.059  0.047] rpy=[-0.002  0.092  1.186] L0=[ 0.282  0.284] phi1=[ 2.640  2.617] phi4=[ 0.515  0.507] u=[-12.67  13.07  12.46 -13.17 |  2.83  3.36]
t=47.501 pos=[ 5.330  38.681  0.047] rpy=[-0.003  0.094  1.854] L0=[ 0.284  0.283] phi1=[ 2.627  2.616] phi4=[ 0.516  0.503] u=[-12.69  13.00  12.17 -13.51 |  2.34  5.98]
t=48.001 pos=[ 5.386  39.543  0.046] rpy=[ 0.000  0.092  1.515] L0=[ 0.281  0.283] phi1=[ 2.642  2.632] phi4=[ 0.514  0.519] u=[-12.38  13.27  12.45 -12.93 |  1.51  5.43]
t=48.501 pos=[ 5.402  40.556  0.046] rpy=[-0.003  0.086  1.873] L0=[ 0.283  0.283] phi1=[ 2.641  2.654] phi4=[ 0.527  0.539] u=[-11.53  13.86  12.10 -13.31 |  0.08  5.25]
t=49.001 pos=[ 5.332  41.660  0.047] rpy=[-0.001  0.093  1.644] L0=[ 0.280  0.283] phi1=[ 2.643  2.629] phi4=[ 0.510  0.517] u=[-12.94  12.88  12.57 -13.00 |  2.83  2.74]
t=49.501 pos=[ 5.195  42.807  0.053] rpy=[-0.025  0.077  1.883] L0=[ 0.280  0.282] phi1=[ 2.659  2.599] phi4=[ 0.526  0.474] u=[-13.59  12.28  13.21 -12.56 |  4.43  5.36]
t=50.001 pos=[ 4.920  43.991  0.048] rpy=[-0.007  0.094  1.738] L0=[ 0.282  0.283] phi1=[ 2.644  2.623] phi4=[ 0.519  0.504] u=[-13.28  12.69  13.18 -12.61 |  2.07  5.89]
t=50.501 pos=[ 4.764  45.163  0.048] rpy=[-0.005  0.095  1.693] L0=[ 0.281  0.283] phi1=[ 2.643  2.657] phi4=[ 0.515  0.540] u=[-12.36  13.50  13.64 -12.26 |  2.34  7.15]
t=51.001 pos=[ 4.541  46.444  0.049] rpy=[-0.012  0.085  1.936] L0=[ 0.283  0.285] phi1=[ 2.636  2.622] phi4=[ 0.519  0.517] u=[-13.41  12.16  13.39 -12.14 |  2.73  5.77]
t=51.501 pos=[ 4.344  47.717  0.051] rpy=[-0.028  0.086  1.366] L0=[ 0.286  0.280] phi1=[ 2.629  2.635] phi4=[ 0.537  0.497] u=[-12.42  13.13  12.77 -13.16 |  2.20  3.73]
t=52.001 pos=[ 4.533  48.994  0.049] rpy=[-0.006  0.081  2.104] L0=[ 0.282  0.286] phi1=[ 2.645  2.596] phi4=[ 0.522  0.500] u=[-12.84  12.67  11.91 -13.50 |  3.13  5.23]
t=52.501 pos=[ 4.373  50.144  0.064] rpy=[-0.063  0.015  2.016] L0=[ 0.279  0.278] phi1=[ 2.723  2.601] phi4=[ 0.578  0.451] u=[-13.31  12.59  14.74 -11.15 |  7.79  2.74]
t=53.001 pos=[ 4.370  51.057  0.065] rpy=[-0.080  0.046  0.638] L0=[ 0.284  0.275] phi1=[ 2.668  2.633] phi4=[ 0.560  0.461] u=[-11.37  14.26  12.00 -14.10 | -0.33  2.04]
t=53.501 pos=[ 4.956  51.493  0.049] rpy=[-0.012  0.069  0.593] L0=[ 0.285  0.282] phi1=[ 2.648  2.634] phi4=[ 0.545  0.510] u=[-11.18  14.35  12.09 -13.66 |  2.71 -0.14]
t=54.001 pos=[ 5.816  51.986  0.047] rpy=[ 0.001  0.094  0.481] L0=[ 0.282  0.281] phi1=[ 2.635  2.647] phi4=[ 0.514  0.520] u=[-11.32  14.45  12.00 -13.86 |  3.78 -0.67]
t=54.501 pos=[ 6.504  52.219  0.043] rpy=[-0.006  0.078 -1.120] L0=[ 0.289  0.286] phi1=[ 2.628  2.646] phi4=[ 0.556  0.550] u=[-11.58  13.69  13.36 -12.23 | -4.67 -2.01]
t=55.001 pos=[ 6.359  52.490  0.049] rpy=[-0.002  0.102 -0.626] L0=[ 0.288  0.277] phi1=[ 2.683  2.650] phi4=[ 0.602  0.493] u=[-11.68  13.68  14.23 -11.84 | -2.49  1.83]
t=55.501 pos=[ 6.297  52.599  0.045] rpy=[-0.000  0.087  0.170] L0=[ 0.284  0.284] phi1=[ 2.638  2.639] phi4=[ 0.531  0.531] u=[-12.23  13.36  13.20 -12.48 | -0.94  2.16]
t=56.001 pos=[ 6.299  52.600  0.045] rpy=[-0.000  0.087  0.185] L0=[ 0.284  0.284] phi1=[ 2.638  2.639] phi4=[ 0.530  0.529] u=[-12.27  13.34  13.17 -12.52 | -0.93  2.21]
t=56.501 pos=[ 6.302  52.602  0.045] rpy=[-0.000  0.087  0.200] L0=[ 0.284  0.284] phi1=[ 2.638  2.638] phi4=[ 0.530  0.529] u=[-12.28  13.33  13.18 -12.51 | -0.84  2.21]
t=57.001 pos=[ 6.305  52.603  0.045] rpy=[-0.000  0.087  0.216] L0=[ 0.284  0.284] phi1=[ 2.638  2.638] phi4=[ 0.529  0.529] u=[-12.28  13.33  13.18 -12.50 | -0.79  2.25]
t=57.501 pos=[ 6.308  52.605  0.045] rpy=[-0.000  0.087  0.231] L0=[ 0.284  0.284] phi1=[ 2.638  2.639] phi4=[ 0.530  0.529] u=[-12.27  13.34  13.17 -12.52 | -0.81  2.32]
t=58.001 pos=[ 6.311  52.606  0.045] rpy=[-0.000  0.087  0.248] L0=[ 0.284  0.284] phi1=[ 2.638  2.638] phi4=[ 0.529  0.529] u=[-12.28  13.34  13.17 -12.52 | -0.75  2.35]
t=58.501 pos=[ 6.314  52.608  0.045] rpy=[-0.000  0.087  0.264] L0=[ 0.284  0.284] phi1=[ 2.638  2.639] phi4=[ 0.529  0.528] u=[-12.27  13.34  13.17 -12.52 | -0.72  2.40]
t=59.001 pos=[ 6.317  52.610  0.045] rpy=[-0.000  0.087  0.282] L0=[ 0.284  0.284] phi1=[ 2.638  2.639] phi4=[ 0.529  0.529] u=[-12.27  13.34  13.17 -12.52 | -0.68  2.44]
t=59.501 pos=[ 6.321  52.612  0.045] rpy=[-0.000  0.087  0.299] L0=[ 0.284  0.284] phi1=[ 2.638  2.639] phi4=[ 0.529  0.528] u=[-12.29  13.33  13.17 -12.52 | -0.60  2.46]
t=60.001 pos=[ 6.325  52.615  0.045] rpy=[-0.000  0.088  0.317] L0=[ 0.284  0.284] phi1=[ 2.638  2.639] phi4=[ 0.529  0.528] u=[-12.28  13.33  13.16 -12.53 | -0.60  2.54]
t=60.501 pos=[ 6.329  52.617  0.045] rpy=[-0.000  0.088  0.336] L0=[ 0.284  0.284] phi1=[ 2.638  2.638] phi4=[ 0.529  0.528] u=[-12.29  13.33  13.17 -12.52 | -0.51  2.55]
t=61.001 pos=[ 6.333  52.620  0.045] rpy=[-0.000  0.088  0.356] L0=[ 0.284  0.284] phi1=[ 2.638  2.638] phi4=[ 0.529  0.528] u=[-12.28  13.34  13.16 -12.54 | -0.52  2.64]
t=61.501 pos=[ 6.337  52.623  0.045] rpy=[-0.000  0.088  0.376] L0=[ 0.284  0.284] phi1=[ 2.638  2.639] phi4=[ 0.529  0.528] u=[-12.29  13.33  13.16 -12.53 | -0.43  2.67]
t=62.001 pos=[ 6.342  52.626  0.045] rpy=[-0.000  0.088  0.396] L0=[ 0.284  0.284] phi1=[ 2.638  2.639] phi4=[ 0.529  0.528] u=[-12.29  13.33  13.16 -12.53 | -0.38  2.72]
t=62.501 pos=[ 6.347  52.629  0.045] rpy=[-0.000  0.088  0.417] L0=[ 0.284  0.284] phi1=[ 2.639  2.639] phi4=[ 0.528  0.528] u=[-12.30  13.33  13.17 -12.52 | -0.29  2.75]
t=63.001 pos=[ 6.352  52.633  0.045] rpy=[-0.000  0.088  0.438] L0=[ 0.284  0.284] phi1=[ 2.639  2.639] phi4=[ 0.528  0.528] u=[-12.29  13.34  13.16 -12.53 | -0.27  2.82]
t=63.501 pos=[ 6.357  52.637  0.045] rpy=[-0.000  0.088  0.460] L0=[ 0.284  0.284] phi1=[ 2.639  2.638] phi4=[ 0.528  0.527] u=[-12.30  13.33  13.16 -12.54 | -0.22  2.87]
t=64.001 pos=[ 6.362  52.641  0.045] rpy=[-0.001  0.088  0.482] L0=[ 0.284  0.284] phi1=[ 2.638  2.637] phi4=[ 0.528  0.526] u=[-12.33  13.31  13.14 -12.56 | -0.14  2.89]
t=64.501 pos=[ 6.372  52.646  0.045] rpy=[-0.002  0.089  0.512] L0=[ 0.284  0.283] phi1=[ 2.638  2.639] phi4=[ 0.528  0.524] u=[-12.30  13.32  13.11 -12.61 | -0.04  2.92]
t=65.001 pos=[ 6.399  52.660  0.045] rpy=[-0.002  0.089  0.564] L0=[ 0.284  0.283] phi1=[ 2.638  2.640] phi4=[ 0.527  0.524] u=[-12.31  13.33  13.16 -12.60 |  0.17  3.11]
t=65.501 pos=[ 6.435  52.680  0.045] rpy=[-0.002  0.089  0.616] L0=[ 0.284  0.283] phi1=[ 2.638  2.635] phi4=[ 0.526  0.523] u=[-12.38  13.28  13.07 -12.66 |  0.44  3.02]
t=66.001 pos=[ 6.480  52.708  0.045] rpy=[-0.001  0.089  0.661] L0=[ 0.283  0.283] phi1=[ 2.638  2.637] phi4=[ 0.526  0.525] u=[-12.33  13.34  13.14 -12.61 |  0.55  3.40]
t=66.501 pos=[ 6.530  52.743  0.045] rpy=[-0.001  0.089  0.701] L0=[ 0.283  0.283] phi1=[ 2.640  2.636] phi4=[ 0.525  0.522] u=[-12.35  13.34  13.11 -12.66 |  0.66  3.43]
t=67.001 pos=[ 6.593  52.795  0.045] rpy=[-0.001  0.090  0.747] L0=[ 0.283  0.283] phi1=[ 2.640  2.635] phi4=[ 0.526  0.521] u=[-12.26  13.36  12.63 -12.78 |  0.80  2.25]
t=67.501 pos=[ 6.683  52.881  0.046] rpy=[-0.004  0.091  0.802] L0=[ 0.284  0.284] phi1=[ 2.636  2.627] phi4=[ 0.525  0.520] u=[-12.34  13.30  12.80 -12.93 |  0.96  3.34]
t=68.001 pos=[ 6.823  53.042  0.046] rpy=[-0.003  0.089  0.901] L0=[ 0.283  0.283] phi1=[ 2.642  2.630] phi4=[ 0.523  0.513] u=[-12.41  13.31  12.97 -12.79 |  1.83  3.69]
t=68.501 pos=[ 7.013  53.395  0.047] rpy=[ 0.000  0.095  1.302] L0=[ 0.281  0.283] phi1=[ 2.642  2.629] phi4=[ 0.511  0.515] u=[-12.57  13.35  12.88 -12.90 |  3.23  5.22]
t=69.001 pos=[ 7.091  54.056  0.047] rpy=[-0.003  0.093  1.875] L0=[ 0.282  0.283] phi1=[ 2.639  2.636] phi4=[ 0.514  0.518] u=[-12.38  13.42  12.90 -12.90 |  2.87  7.26]
t=69.501 pos=[ 7.089  54.881  0.046] rpy=[-0.000  0.093  1.589] L0=[ 0.282  0.282] phi1=[ 2.640  2.635] phi4=[ 0.516  0.514] u=[-12.64  13.11  12.32 -13.19 |  2.24  2.78]
t=70.001 pos=[ 7.013  55.876  0.047] rpy=[-0.002  0.095  1.902] L0=[ 0.281  0.285] phi1=[ 2.640  2.622] phi4=[ 0.514  0.517] u=[-12.79  12.88  12.46 -13.07 |  2.50  4.76]
t=70.501 pos=[ 6.755  56.987  0.049] rpy=[-0.009  0.081  1.747] L0=[ 0.281  0.281] phi1=[ 2.656  2.653] phi4=[ 0.524  0.526] u=[-12.54  13.27  13.81 -12.09 |  1.95  6.57]
t=71.001 pos=[ 6.625  58.070  0.048] rpy=[-0.008  0.093  1.642] L0=[ 0.281  0.284] phi1=[ 2.642  2.605] phi4=[ 0.516  0.495] u=[-13.00  12.75  12.69 -12.92 |  2.76  6.74]
t=71.501 pos=[ 6.511  59.252  0.049] rpy=[-0.003  0.092  1.928] L0=[ 0.279  0.285] phi1=[ 2.653  2.591] phi4=[ 0.514  0.487] u=[-13.54  12.39  12.76 -12.82 |  4.51  4.94]
t=72.001 pos=[ 6.332  60.484  0.047] rpy=[-0.006  0.076  1.414] L0=[ 0.283  0.281] phi1=[ 2.650  2.665] phi4=[ 0.537  0.535] u=[-11.54  13.92  12.20 -13.10 |  0.07  1.56]
t=72.501 pos=[ 6.460  61.676  0.048] rpy=[-0.003  0.086  1.908] L0=[ 0.284  0.283] phi1=[ 2.636  2.632] phi4=[ 0.526  0.516] u=[-11.79  13.92  12.29 -13.45 |  1.96  8.40]
t=73.001 pos=[ 6.577  62.870  0.049] rpy=[-0.008  0.096  1.595] L0=[ 0.281  0.278] phi1=[ 2.641  2.641] phi4=[ 0.514  0.494] u=[-12.74  13.07  12.97 -13.04 |  1.84  4.65]
t=73.501 pos=[ 6.874  64.183  0.049] rpy=[-0.005  0.086  1.347] L0=[ 0.279  0.281] phi1=[ 2.652  2.631] phi4=[ 0.512  0.500] u=[-12.45  13.47  12.77 -13.08 |  4.99  4.21]
t=74.001 pos=[ 7.107  65.614  0.053] rpy=[ 0.003  0.079  2.464] L0=[ 0.277  0.287] phi1=[ 2.647  2.616] phi4=[ 0.495  0.528] u=[-13.54  12.50  13.47 -12.10 |  5.15  8.30]
t=74.501 pos=[ 6.490  66.515  0.054] rpy=[-0.032  0.089  2.228] L0=[ 0.285  0.282] phi1=[ 2.653  2.576] phi4=[ 0.551  0.452] u=[-13.71  11.95  12.87 -12.89 |  0.18  9.34]
t=75.001 pos=[ 6.160  67.698  0.052] rpy=[-0.067  0.071  0.676] L0=[ 0.304  0.279] phi1=[ 2.557  2.609] phi4=[ 0.586  0.469] u=[-12.58  11.84  12.36 -13.38 |  3.93 -0.26]
t=75.501 pos=[ 6.701  68.223  0.051] rpy=[-0.017  0.075  0.559] L0=[ 0.281  0.278] phi1=[ 2.659  2.692] phi4=[ 0.528  0.544] u=[-11.00  14.70  13.47 -12.66 |  2.29  1.31]
t=76.001 pos=[ 7.629  68.675  0.047] rpy=[-0.003  0.091  0.473] L0=[ 0.283  0.279] phi1=[ 2.639  2.657] phi4=[ 0.525  0.516] u=[-11.01  14.66  12.03 -13.89 |  4.48 -1.12]
t=76.501 pos=[ 8.512  69.032  0.047] rpy=[-0.016  0.087 -0.815] L0=[ 0.288  0.283] phi1=[ 2.623  2.711] phi4=[ 0.538  0.597] u=[-11.12  14.39  13.72 -12.31 | -3.09 -2.37]
t=77.001 pos=[ 8.494  69.403  0.045] rpy=[-0.008  0.084 -1.128] L0=[ 0.291  0.280] phi1=[ 2.629  2.658] phi4=[ 0.565  0.524] u=[-12.07  13.15  14.08 -11.80 | -3.45  0.76]
t=77.501 pos=[ 8.308  69.779  0.046] rpy=[-0.008  0.085  0.278] L0=[ 0.286  0.280] phi1=[ 2.629  2.652] phi4=[ 0.535  0.518] u=[-12.07  13.38  13.09 -12.81 | -0.51  2.43]
t=78.001 pos=[ 8.402  69.807  0.045] rpy=[-0.001  0.088  0.511] L0=[ 0.284  0.284] phi1=[ 2.638  2.639] phi4=[ 0.530  0.528] u=[-12.24  13.38  13.12 -12.59 |  0.23  2.71]
t=78.501 pos=[ 8.430  69.823  0.045] rpy=[-0.002  0.089  0.562] L0=[ 0.284  0.283] phi1=[ 2.638  2.639] phi4=[ 0.527  0.524] u=[-12.30  13.33  13.07 -12.64 |  0.10  2.97]
t=79.001 pos=[ 8.466  69.843  0.045] rpy=[-0.001  0.089  0.614] L0=[ 0.283  0.283] phi1=[ 2.638  2.637] phi4=[ 0.526  0.524] u=[-12.30  13.33  13.01 -12.68 |  0.12  3.21]
t=79.501 pos=[ 8.512  69.871  0.045] rpy=[-0.001  0.089  0.660] L0=[ 0.283  0.283] phi1=[ 2.638  2.637] phi4=[ 0.526  0.523] u=[-12.33  13.34  13.09 -12.67 |  0.41  3.37]
t=80.001 pos=[ 8.572  69.914  0.045] rpy=[-0.001  0.089  0.704] L0=[ 0.283  0.283] phi1=[ 2.640  2.635] phi4=[ 0.526  0.523] u=[-12.35  13.34  13.13 -12.63 |  0.85  3.29]
t=80.501 pos=[ 8.642  69.973  0.045] rpy=[-0.001  0.088  0.746] L0=[ 0.283  0.283] phi1=[ 2.641  2.640] phi4=[ 0.526  0.522] u=[-12.27  13.43  13.16 -12.65 |  0.79  3.66]
t=81.001 pos=[ 8.737  70.063  0.046] rpy=[-0.000  0.084  0.798] L0=[ 0.282  0.282] phi1=[ 2.649  2.649] phi4=[ 0.528  0.526] u=[-12.06  13.66  13.38 -12.48 |  1.16  3.94]
t=81.501 pos=[ 8.864  70.206  0.046] rpy=[-0.001  0.090  0.885] L0=[ 0.283  0.284] phi1=[ 2.640  2.624] phi4=[ 0.523  0.515] u=[-12.22  13.40  12.05 -13.33 |  1.01  1.65]
t=82.001 pos=[ 9.051  70.515  0.047] rpy=[-0.001  0.094  1.208] L0=[ 0.281  0.283] phi1=[ 2.640  2.631] phi4=[ 0.514  0.517] u=[-12.43  13.39  12.83 -12.93 |  2.19  5.49]
t=82.501 pos=[ 9.164  71.140  0.047] rpy=[-0.003  0.085  1.793] L0=[ 0.282  0.283] phi1=[ 2.644  2.622] phi4=[ 0.524  0.508] u=[-12.52  13.17  12.73 -12.92 |  3.46  5.71]
t=83.001 pos=[ 9.208  71.996  0.047] rpy=[-0.004  0.091  1.610] L0=[ 0.282  0.284] phi1=[ 2.642  2.623] phi4=[ 0.519  0.517] u=[-12.53  13.17  12.95 -12.69 |  2.38  6.50]
t=83.501 pos=[ 9.163  73.030  0.047] rpy=[-0.003  0.093  1.889] L0=[ 0.281  0.284] phi1=[ 2.641  2.622] phi4=[ 0.515  0.515] u=[-12.77  12.91  12.55 -13.06 |  3.10  5.04]
t=84.001 pos=[ 8.946  74.206  0.047] rpy=[-0.007  0.093  1.715] L0=[ 0.283  0.284] phi1=[ 2.634  2.604] phi4=[ 0.521  0.496] u=[-13.18  12.52  12.49 -13.14 |  1.51  5.27]
t=84.501 pos=[ 8.904  75.385  0.048] rpy=[-0.005  0.097  1.555] L0=[ 0.282  0.286] phi1=[ 2.635  2.620] phi4=[ 0.512  0.522] u=[-12.53  13.28  12.33 -13.28 |  3.14  4.22]
t=85.001 pos=[ 8.935  76.648  0.048] rpy=[-0.006  0.095  1.892] L0=[ 0.285  0.284] phi1=[ 2.624  2.612] phi4=[ 0.524  0.503] u=[-12.85  12.85  12.48 -13.23 |  2.29  6.16]
t=85.501 pos=[ 8.923  77.983  0.049] rpy=[-0.009  0.090  1.464] L0=[ 0.281  0.281] phi1=[ 2.647  2.674] phi4=[ 0.516  0.544] u=[-11.91  13.95  13.74 -12.27 |  2.91  5.98]
t=86.001 pos=[ 8.976  79.367  0.049] rpy=[ 0.003  0.099  2.028] L0=[ 0.281  0.282] phi1=[ 2.634  2.661] phi4=[ 0.504  0.539] u=[-12.55  13.38  13.46 -12.52 |  2.23  8.30]
t=86.501 pos=[ 8.926  80.886  0.048] rpy=[-0.014  0.082  1.315] L0=[ 0.285  0.278] phi1=[ 2.636  2.676] phi4=[ 0.536  0.524] u=[-11.71  13.80  13.73 -12.40 |  0.48  6.60]
t=87.001 pos=[ 9.284  82.230  0.051] rpy=[-0.015  0.093  1.702] L0=[ 0.280  0.281] phi1=[ 2.647  2.628] phi4=[ 0.513  0.501] u=[-12.59  13.19  12.64 -13.17 |  4.49  5.43]
t=87.501 pos=[ 9.556  83.640  0.048] rpy=[-0.013  0.078  1.786] L0=[ 0.285  0.278] phi1=[ 2.642  2.663] phi4=[ 0.538  0.512] u=[-12.19  13.25  13.53 -12.50 |  1.47  4.84]
t=88.001 pos=[ 9.919  85.098  0.050] rpy=[-0.022  0.058  0.415] L0=[ 0.286  0.275] phi1=[ 2.659  2.754] phi4=[ 0.563  0.588] u=[-10.48  15.07  13.37 -13.04 |  1.61  2.13]
t=88.501 pos=[ 10.919  85.911  0.046] rpy=[-0.001  0.089  0.680] L0=[ 0.284  0.281] phi1=[ 2.630  2.647] phi4=[ 0.524  0.521] u=[-10.86  14.80  11.69 -14.13 |  3.72  0.75]
t=89.001 pos=[ 11.970  86.593  0.048] rpy=[-0.005  0.086 -0.104] L0=[ 0.282  0.282] phi1=[ 2.647  2.687] phi4=[ 0.525  0.563] u=[-10.44  15.30  12.90 -13.03 |  0.83 -2.31]
t=89.501 pos=[ 12.460  87.019  0.046] rpy=[-0.001  0.093 -2.229] L0=[ 0.282  0.295] phi1=[ 2.641  2.701] phi4=[ 0.520  0.665] u=[-10.96  14.84  13.31 -12.19 | -5.82 -4.58]
t=90.001 pos=[ 13.443  87.655  0.053] rpy=[-0.003  0.119  3.116] L0=[ 0.275  0.310] phi1=[ 2.625 -3.138] phi4=[ 0.456  1.212] u=[-10.96  15.42  18.35 -15.13 |  8.75  11.97]
t=90.501 pos=[ 13.761  87.829  0.049] rpy=[-0.004  0.033  2.301] L0=[ 0.280  0.282] phi1=[ 2.705  2.678] phi4=[ 0.569  0.559] u=[-11.84  13.97  14.41 -11.34 |  6.68  7.04]
t=91.001 pos=[ 13.697  88.033  0.048] rpy=[-0.008  0.089  1.941] L0=[ 0.282  0.280] phi1=[ 2.644  2.640] phi4=[ 0.524  0.507] u=[-12.60  13.18  13.34 -12.56 |  3.53  6.09]
t=91.501 pos=[ 13.747  88.578  0.047] rpy=[-0.004  0.095  1.435] L0=[ 0.282  0.283] phi1=[ 2.636  2.632] phi4=[ 0.515  0.515] u=[-12.55  13.25  12.90 -12.88 |  2.07  6.59]
t=92.001 pos=[ 13.835  89.319  0.048] rpy=[-0.004  0.079  1.879] L0=[ 0.281  0.280] phi1=[ 2.661  2.650] phi4=[ 0.534  0.517] u=[-12.00  13.79  13.58 -12.31 |  4.05  6.48]
t=92.501 pos=[ 13.902  90.232  0.047] rpy=[-0.007  0.094  1.397] L0=[ 0.283  0.284] phi1=[ 2.636  2.620] phi4=[ 0.517  0.513] u=[-12.42  13.25  11.94 -13.62 |  2.23  2.50]
t=93.001 pos=[ 14.037  91.259  0.048] rpy=[-0.003  0.088  2.051] L0=[ 0.282  0.282] phi1=[ 2.641  2.633] phi4=[ 0.516  0.515] u=[-12.33  13.47  12.80 -12.98 |  3.36  7.71]
t=93.501 pos=[ 14.105  92.397  0.048] rpy=[-0.019  0.094  1.188] L0=[ 0.287  0.278] phi1=[ 2.618  2.677] phi4=[ 0.530  0.527] u=[-11.98  13.58  13.50 -12.73 |  2.88  2.46]
t=94.001 pos=[ 14.503  93.476  0.048] rpy=[ 0.007  0.093  1.729] L0=[ 0.282  0.285] phi1=[ 2.629  2.624] phi4=[ 0.507  0.520] u=[-12.24  13.38  11.65 -13.71 |  2.85  5.17]
t=94.501 pos=[ 14.804  94.736  0.048] rpy=[-0.006  0.097  1.678] L0=[ 0.283  0.283] phi1=[ 2.637  2.630] phi4=[ 0.523  0.513] u=[-12.55  13.07  12.74 -12.90 |  2.41  4.15]
t=95.001 pos=[ 15.058  96.214  0.050] rpy=[ 0.004  0.085  1.639] L0=[ 0.281  0.281] phi1=[ 2.652  2.649] phi4=[ 0.522  0.521] u=[-12.10  13.76  13.16 -12.75 |  4.82  5.07]
t=95.501 pos=[ 15.272  97.933  0.052] rpy=[-0.005  0.085  1.672] L0=[ 0.279  0.278] phi1=[ 2.650  2.646] phi4=[ 0.507  0.498] u=[-12.78  13.17  12.97 -13.06 |  3.41  3.22]
t=96.001 pos=[ 15.473  99.820  0.048] rpy=[-0.006  0.095  1.735] L0=[ 0.283  0.284] phi1=[ 2.644  2.604] phi4=[ 0.528  0.496] u=[-12.13  13.59  11.75 -13.86 |  2.54  6.49]
t=96.501 pos=[ 15.630  101.887  0.050] rpy=[-0.001  0.093  1.691] L0=[ 0.279  0.282] phi1=[ 2.644  2.622] phi4=[ 0.503  0.502] u=[-13.03  12.91  12.86 -12.88 |  3.75  4.25]
t=97.001 pos=[ 15.772  104.039  0.049] rpy=[ 0.005  0.084  1.515] L0=[ 0.280  0.283] phi1=[ 2.657  2.639] phi4=[ 0.518  0.526] u=[-12.05  13.64  12.74 -12.62 |  3.96  5.10]
t=97.501 pos=[ 15.893  106.190  0.052] rpy=[-0.004  0.099  2.057] L0=[ 0.284  0.285] phi1=[ 2.595  2.623] phi4=[ 0.489  0.524] u=[-13.12  12.65  11.70 -13.97 |  2.33  4.16]
t=98.001 pos=[ 16.002  108.399  0.053] rpy=[-0.056  0.057  0.654] L0=[ 0.295  0.276] phi1=[ 2.618  2.678] phi4=[ 0.582  0.517] u=[-11.67  13.18  14.30 -11.72 |  6.25 -1.93]
t=98.501 pos=[ 16.827  109.716  0.048] rpy=[ 0.002  0.092  0.912] L0=[ 0.282  0.282] phi1=[ 2.631  2.645] phi4=[ 0.507  0.523] u=[-11.67  14.18  12.15 -13.73 |  4.69  1.67]
t=99.001 pos=[ 17.540  111.101  0.051] rpy=[ 0.006  0.101  1.904] L0=[ 0.283  0.281] phi1=[ 2.629  2.651] phi4=[ 0.511  0.522] u=[-11.89  13.91  12.74 -13.20 |  5.46  6.20]
t=99.501 pos=[ 18.012  112.641  0.050] rpy=[-0.014  0.097  1.535] L0=[ 0.285  0.281] phi1=[ 2.608  2.632] phi4=[ 0.504  0.502] u=[-12.18  13.54  11.73 -14.15 |  3.09  3.90]
